[0.022s] Invoking command in '/home/rohan/spherebot/build/motor_control': AMENT_PREFIX_PATH=/home/rohan/spherebot/install/control_lib:/home/rohan/spherebot/install/i2c_lib:${AMENT_PREFIX_PATH} CMAKE_PREFIX_PATH=/home/rohan/spherebot/install/control_lib:/home/rohan/spherebot/install/i2c_lib:/opt/ros/jazzy/opt/gz_math_vendor:/opt/ros/jazzy/opt/gz_utils_vendor:/opt/ros/jazzy/opt/gz_cmake_vendor:/opt/ros/jazzy DEBUGINFOD_URLS=https://debuginfod.ubuntu.com LD_LIBRARY_PATH=/home/rohan/spherebot/install/control_lib/lib:/home/rohan/spherebot/install/i2c_lib/lib:${LD_LIBRARY_PATH} /usr/bin/cmake --build /home/rohan/spherebot/build/motor_control -- -j4 -l4
[0.143s] [ 33%] [32mBuilding CXX object CMakeFiles/motor_control_node.dir/src/motor_control_node.cpp.o[0m
[5.230s] [01m[K/home/rohan/spherebot/src/motor_control/src/motor_control_node.cpp:[m[K In constructor â€˜[01m[KMotorControlNode::[01;32m[KMotorControlNode[m[K()[m[Kâ€™:
[5.230s] [01m[K/home/rohan/spherebot/src/motor_control/src/motor_control_node.cpp:10:3:[m[K [01;31m[Kerror: [m[Kclass â€˜[01m[KMotorControlNode[m[Kâ€™ does not have any field named â€˜[01m[Kalphadot_ref_[m[Kâ€™
[5.230s]    10 |   [01;31m[Kalphadot_ref_[m[K(0.0)
[5.231s]       |   [01;31m[K^~~~~~~~~~~~~[m[K
[5.231s] [01m[K/home/rohan/spherebot/src/motor_control/src/motor_control_node.cpp:11:3:[m[K [01;31m[Kerror: [m[Kexpected â€˜[01m[K{[m[Kâ€™ before â€˜[01m[Ku_meas_[m[Kâ€™
[5.232s]    11 |   [01;31m[Ku_meas_[m[K(0.0),
[5.233s]       |   [01;31m[K^~~~~~~[m[K
[5.233s] [01m[K/home/rohan/spherebot/src/motor_control/src/motor_control_node.cpp:[m[K At global scope:
[5.233s] [01m[K/home/rohan/spherebot/src/motor_control/src/motor_control_node.cpp:11:10:[m[K [01;31m[Kerror: [m[Kexpected constructor, destructor, or type conversion before â€˜[01m[K([m[Kâ€™ token
[5.233s]    11 |   u_meas_[01;31m[K([m[K0.0),
[5.234s]       |          [01;31m[K^[m[K
[5.258s] [01m[K/home/rohan/spherebot/src/motor_control/src/motor_control_node.cpp:[m[K In member function â€˜[01m[Kvoid MotorControlNode::[01;32m[KjointTrajectoryCallback[m[K(trajectory_msgs::msg::JointTrajectory_<std::allocator<void> >::SharedPtr)[m[Kâ€™:
[5.258s] [01m[K/home/rohan/spherebot/src/motor_control/src/motor_control_node.cpp:48:5:[m[K [01;31m[Kerror: [m[Kâ€˜[01m[Kalphadot_ref_[m[Kâ€™ was not declared in this scope; did you mean â€˜[01m[Kalphado_ref_[m[Kâ€™?
[5.258s]    48 |     [01;31m[Kalphadot_ref_[m[K = msg->points[0].velocities[1];
[5.258s]       |     [01;31m[K^~~~~~~~~~~~~[m[K
[5.259s]       |     [32m[Kalphado_ref_[m[K
[5.259s] [01m[K/home/rohan/spherebot/src/motor_control/src/motor_control_node.cpp:53:15:[m[K [01;31m[Kerror: [m[Kâ€˜[01m[Kusing control_msgs::msg::JointTrajectoryControllerState = struct control_msgs::msg::JointTrajectoryControllerState_<std::allocator<void> >[m[Kâ€™ {aka â€˜[01m[Kstruct control_msgs::msg::JointTrajectoryControllerState_<std::allocator<void> >[m[Kâ€™} has no member named â€˜[01m[Kactual[m[Kâ€™
[5.260s]    53 |     state_msg.[01;31m[Kactual[m[K.positions = {u_meas_, alpha_meas_};
[5.260s]       |               [01;31m[K^~~~~~[m[K
[5.260s] [01m[K/home/rohan/spherebot/src/motor_control/src/motor_control_node.cpp:54:15:[m[K [01;31m[Kerror: [m[Kâ€˜[01m[Kusing control_msgs::msg::JointTrajectoryControllerState = struct control_msgs::msg::JointTrajectoryControllerState_<std::allocator<void> >[m[Kâ€™ {aka â€˜[01m[Kstruct control_msgs::msg::JointTrajectoryControllerState_<std::allocator<void> >[m[Kâ€™} has no member named â€˜[01m[Kactual[m[Kâ€™
[5.261s]    54 |     state_msg.[01;31m[Kactual[m[K.velocities = {udot_meas_, alphadot_meas_};
[5.261s]       |               [01;31m[K^~~~~~[m[K
[5.279s] [01m[K/home/rohan/spherebot/src/motor_control/src/motor_control_node.cpp:[m[K In member function â€˜[01m[Kvoid MotorControlNode::[01;32m[KcontrolLoop[m[K()[m[Kâ€™:
[5.279s] [01m[K/home/rohan/spherebot/src/motor_control/src/motor_control_node.cpp:63:75:[m[K [01;31m[Kerror: [m[Kâ€˜[01m[Kalphadot_ref_[m[Kâ€™ was not declared in this scope; did you mean â€˜[01m[Kalphado_ref_[m[Kâ€™?
[5.280s]    63 |     std::pair<float, float> jointVariableVelocity = computeJointVariables([01;31m[Kalphadot_ref_[m[K, udot_ref_);
[5.280s]       |                                                                           [01;31m[K^~~~~~~~~~~~~[m[K
[5.280s]       |                                                                           [32m[Kalphado_ref_[m[K
[5.288s] [01m[K/home/rohan/spherebot/src/motor_control/src/motor_control_node.cpp:87:24:[m[K [01;31m[Kerror: [m[Kâ€˜[01m[Ku_ref[m[Kâ€™ was not declared in this scope; did you mean â€˜[01m[Ku_ref_[m[Kâ€™?
[5.289s]    87 |     u_PID_.setSetpoint([01;31m[Ku_ref[m[K);
[5.289s]       |                        [01;31m[K^~~~~[m[K
[5.289s]       |                        [32m[Ku_ref_[m[K
[6.921s] [01m[K/home/rohan/spherebot/src/motor_control/src/motor_control_node.cpp:81:91:[m[K [01;36m[Knote: [m[Kparameter passing for argument of type â€˜[01m[Kstd::pair<float, float>[m[Kâ€™ when C++17 is enabled changed to match C++14 ]8;;https://gcc.gnu.org/gcc-10/changes.html#empty_basein GCC 10.1]8;;
[6.921s]    81 |     std::pair<float,float> u_alpha = computeJointVariablesInverse(motorACount, motorBCount[01;36m[K)[m[K;
[6.921s]       |                                                                                           [01;36m[K^[m[K
[6.968s] gmake[2]: *** [CMakeFiles/motor_control_node.dir/build.make:76: CMakeFiles/motor_control_node.dir/src/motor_control_node.cpp.o] Error 1
[6.969s] gmake[1]: *** [CMakeFiles/Makefile2:137: CMakeFiles/motor_control_node.dir/all] Error 2
[6.969s] gmake: *** [Makefile:146: all] Error 2
[6.972s] Invoked command in '/home/rohan/spherebot/build/motor_control' returned '2': AMENT_PREFIX_PATH=/home/rohan/spherebot/install/control_lib:/home/rohan/spherebot/install/i2c_lib:${AMENT_PREFIX_PATH} CMAKE_PREFIX_PATH=/home/rohan/spherebot/install/control_lib:/home/rohan/spherebot/install/i2c_lib:/opt/ros/jazzy/opt/gz_math_vendor:/opt/ros/jazzy/opt/gz_utils_vendor:/opt/ros/jazzy/opt/gz_cmake_vendor:/opt/ros/jazzy DEBUGINFOD_URLS=https://debuginfod.ubuntu.com LD_LIBRARY_PATH=/home/rohan/spherebot/install/control_lib/lib:/home/rohan/spherebot/install/i2c_lib/lib:${LD_LIBRARY_PATH} /usr/bin/cmake --build /home/rohan/spherebot/build/motor_control -- -j4 -l4
