-- Found ament_cmake: 2.5.2 (/opt/ros/jazzy/share/ament_cmake/cmake)
-- Found rclcpp: 28.1.3 (/opt/ros/jazzy/share/rclcpp/cmake)
-- Found rosidl_generator_c: 4.6.3 (/opt/ros/jazzy/share/rosidl_generator_c/cmake)
-- Found rosidl_generator_cpp: 4.6.3 (/opt/ros/jazzy/share/rosidl_generator_cpp/cmake)
-- Using all available rosidl_typesupport_c: rosidl_typesupport_fastrtps_c;rosidl_typesupport_introspection_c
-- Using all available rosidl_typesupport_cpp: rosidl_typesupport_fastrtps_cpp;rosidl_typesupport_introspection_cpp
-- Found rmw_implementation_cmake: 7.3.1 (/opt/ros/jazzy/share/rmw_implementation_cmake/cmake)
-- Found rmw_fastrtps_cpp: 8.4.1 (/opt/ros/jazzy/share/rmw_fastrtps_cpp/cmake)
-- Using RMW implementation 'rmw_fastrtps_cpp' as default
-- Found i2c_lib: 0.0.1 (/home/rohan/spherebot/install/i2c_lib/share/i2c_lib/cmake)
-- Found control_lib: 0.0.0 (/home/rohan/spherebot/install/control_lib/share/control_lib/cmake)
-- Found trajectory_msgs: 5.3.5 (/opt/ros/jazzy/share/trajectory_msgs/cmake)
-- Found control_msgs: 5.2.0 (/opt/ros/jazzy/share/control_msgs/cmake)
-- Configuring done (1.3s)
-- Generating done (0.0s)
-- Build files have been written to: /home/rohan/spherebot/build/motor_control
[ 33%] [32mBuilding CXX object CMakeFiles/motor_control_node.dir/src/motor_control_node.cpp.o[0m
[ 66%] [32mBuilding CXX object CMakeFiles/motor_control_node.dir/src/motorControl.cpp.o[0m
In file included from [01m[K/home/rohan/spherebot/src/motor_control/src/motor_control_node.cpp:1[m[K:
[01m[K/home/rohan/spherebot/src/motor_control/src/../include/motor_control/motor_control_node.hpp:5:10:[m[K [01;31m[Kfatal error: [m[Ktrajectory_msgs/msg/joint_trajectory.hpp: No such file or directory
    5 | #include [01;31m[K<trajectory_msgs/msg/joint_trajectory.hpp>[m[K
      |          [01;31m[K^~~~~~~~~~~~~~~~~~~~~~~~~~~~~~~~~~~~~~~~~~[m[K
compilation terminated.
gmake[2]: *** [CMakeFiles/motor_control_node.dir/build.make:76: CMakeFiles/motor_control_node.dir/src/motor_control_node.cpp.o] Error 1
gmake[2]: *** Waiting for unfinished jobs....
[01m[K/home/rohan/spherebot/src/motor_control/src/motorControl.cpp:3:1:[m[K [01;31m[Kerror: [m[Kâ€˜[01m[KMotorControl[m[Kâ€™ does not name a type
    3 | [01;31m[KMotorControl[m[K::MotorControl(uint8_t I2C_ADDR)
      | [01;31m[K^~~~~~~~~~~~[m[K
[01m[K/home/rohan/spherebot/src/motor_control/src/motorControl.cpp:8:6:[m[K [01;31m[Kerror: [m[Kâ€˜[01m[KMotorControl[m[Kâ€™ has not been declared
    8 | void [01;31m[KMotorControl[m[K::init() {
      |      [01;31m[K^~~~~~~~~~~~[m[K
[01m[K/home/rohan/spherebot/src/motor_control/src/motorControl.cpp:[m[K In function â€˜[01m[Kvoid[01;32m[K init[m[K()[m[Kâ€™:
[01m[K/home/rohan/spherebot/src/motor_control/src/motorControl.cpp:9:5:[m[K [01;31m[Kerror: [m[Kâ€˜[01m[K_i2cBus[m[Kâ€™ was not declared in this scope
    9 |     [01;31m[K_i2cBus[m[K.writemem(CONTROL_REG, 0X0F);
      |     [01;31m[K^~~~~~~[m[K
[01m[K/home/rohan/spherebot/src/motor_control/src/motorControl.cpp:[m[K At global scope:
[01m[K/home/rohan/spherebot/src/motor_control/src/motorControl.cpp:12:6:[m[K [01;31m[Kerror: [m[Kâ€˜[01m[KMotorControl[m[Kâ€™ has not been declared
   12 | void [01;31m[KMotorControl[m[K::readMotorASpeed(float* speed) {
      |      [01;31m[K^~~~~~~~~~~~[m[K
[01m[K/home/rohan/spherebot/src/motor_control/src/motorControl.cpp:[m[K In function â€˜[01m[Kvoid[01;32m[K readMotorASpeed[m[K(float*)[m[Kâ€™:
[01m[K/home/rohan/spherebot/src/motor_control/src/motorControl.cpp:13:5:[m[K [01;31m[Kerror: [m[Kâ€˜[01m[K_i2cBus[m[Kâ€™ was not declared in this scope
   13 |     [01;31m[K_i2cBus[m[K.readmem(MOTOR_A_SPEED_READ_REG,  uint8_t(4), __buff);
      |     [01;31m[K^~~~~~~[m[K
[01m[K/home/rohan/spherebot/src/motor_control/src/motorControl.cpp:13:58:[m[K [01;31m[Kerror: [m[Kâ€˜[01m[K__buff[m[Kâ€™ was not declared in this scope; did you mean â€˜[01m[K__erff[m[Kâ€™?
   13 |     _i2cBus.readmem(MOTOR_A_SPEED_READ_REG,  uint8_t(4), [01;31m[K__buff[m[K);
      |                                                          [01;31m[K^~~~~~[m[K
      |                                                          [32m[K__erff[m[K
[01m[K/home/rohan/spherebot/src/motor_control/src/motorControl.cpp:[m[K At global scope:
[01m[K/home/rohan/spherebot/src/motor_control/src/motorControl.cpp:17:6:[m[K [01;31m[Kerror: [m[Kâ€˜[01m[KMotorControl[m[Kâ€™ has not been declared
   17 | void [01;31m[KMotorControl[m[K::readMotorACount(int32_t* val) {
      |      [01;31m[K^~~~~~~~~~~~[m[K
[01m[K/home/rohan/spherebot/src/motor_control/src/motorControl.cpp:[m[K In function â€˜[01m[Kvoid[01;32m[K readMotorACount[m[K(int32_t*)[m[Kâ€™:
[01m[K/home/rohan/spherebot/src/motor_control/src/motorControl.cpp:18:5:[m[K [01;31m[Kerror: [m[Kâ€˜[01m[K_i2cBus[m[Kâ€™ was not declared in this scope
   18 |     [01;31m[K_i2cBus[m[K.readmem(MOTOR_A_COUNT_READ_REG,  uint8_t(4), __buff);
      |     [01;31m[K^~~~~~~[m[K
[01m[K/home/rohan/spherebot/src/motor_control/src/motorControl.cpp:18:58:[m[K [01;31m[Kerror: [m[Kâ€˜[01m[K__buff[m[Kâ€™ was not declared in this scope; did you mean â€˜[01m[K__erff[m[Kâ€™?
   18 |     _i2cBus.readmem(MOTOR_A_COUNT_READ_REG,  uint8_t(4), [01;31m[K__buff[m[K);
      |                                                          [01;31m[K^~~~~~[m[K
      |                                                          [32m[K__erff[m[K
[01m[K/home/rohan/spherebot/src/motor_control/src/motorControl.cpp:[m[K At global scope:
[01m[K/home/rohan/spherebot/src/motor_control/src/motorControl.cpp:22:6:[m[K [01;31m[Kerror: [m[Kâ€˜[01m[KMotorControl[m[Kâ€™ has not been declared
   22 | void [01;31m[KMotorControl[m[K::readMotorBCount(int32_t* val) {
      |      [01;31m[K^~~~~~~~~~~~[m[K
[01m[K/home/rohan/spherebot/src/motor_control/src/motorControl.cpp:[m[K In function â€˜[01m[Kvoid[01;32m[K readMotorBCount[m[K(int32_t*)[m[Kâ€™:
[01m[K/home/rohan/spherebot/src/motor_control/src/motorControl.cpp:23:5:[m[K [01;31m[Kerror: [m[Kâ€˜[01m[K_i2cBus[m[Kâ€™ was not declared in this scope
   23 |     [01;31m[K_i2cBus[m[K.readmem(MOTOR_B_COUNT_READ_REG,  uint8_t(4), __buff);
      |     [01;31m[K^~~~~~~[m[K
[01m[K/home/rohan/spherebot/src/motor_control/src/motorControl.cpp:23:58:[m[K [01;31m[Kerror: [m[Kâ€˜[01m[K__buff[m[Kâ€™ was not declared in this scope; did you mean â€˜[01m[K__erff[m[Kâ€™?
   23 |     _i2cBus.readmem(MOTOR_B_COUNT_READ_REG,  uint8_t(4), [01;31m[K__buff[m[K);
      |                                                          [01;31m[K^~~~~~[m[K
      |                                                          [32m[K__erff[m[K
[01m[K/home/rohan/spherebot/src/motor_control/src/motorControl.cpp:[m[K At global scope:
[01m[K/home/rohan/spherebot/src/motor_control/src/motorControl.cpp:27:6:[m[K [01;31m[Kerror: [m[Kâ€˜[01m[KMotorControl[m[Kâ€™ has not been declared
   27 | void [01;31m[KMotorControl[m[K::readMotorBSpeed(float* speed) {
      |      [01;31m[K^~~~~~~~~~~~[m[K
[01m[K/home/rohan/spherebot/src/motor_control/src/motorControl.cpp:[m[K In function â€˜[01m[Kvoid[01;32m[K readMotorBSpeed[m[K(float*)[m[Kâ€™:
[01m[K/home/rohan/spherebot/src/motor_control/src/motorControl.cpp:28:5:[m[K [01;31m[Kerror: [m[Kâ€˜[01m[K_i2cBus[m[Kâ€™ was not declared in this scope
   28 |     [01;31m[K_i2cBus[m[K.readmem(MOTOR_B_SPEED_READ_REG,  uint8_t(4), __buff);
      |     [01;31m[K^~~~~~~[m[K
[01m[K/home/rohan/spherebot/src/motor_control/src/motorControl.cpp:28:58:[m[K [01;31m[Kerror: [m[Kâ€˜[01m[K__buff[m[Kâ€™ was not declared in this scope; did you mean â€˜[01m[K__erff[m[Kâ€™?
   28 |     _i2cBus.readmem(MOTOR_B_SPEED_READ_REG,  uint8_t(4), [01;31m[K__buff[m[K);
      |                                                          [01;31m[K^~~~~~[m[K
      |                                                          [32m[K__erff[m[K
[01m[K/home/rohan/spherebot/src/motor_control/src/motorControl.cpp:[m[K At global scope:
[01m[K/home/rohan/spherebot/src/motor_control/src/motorControl.cpp:32:6:[m[K [01;31m[Kerror: [m[Kâ€˜[01m[KMotorControl[m[Kâ€™ has not been declared
   32 | void [01;31m[KMotorControl[m[K::setMotorASpeed(float speed) {
      |      [01;31m[K^~~~~~~~~~~~[m[K
[01m[K/home/rohan/spherebot/src/motor_control/src/motorControl.cpp:[m[K In function â€˜[01m[Kvoid[01;32m[K setMotorASpeed[m[K(float)[m[Kâ€™:
[01m[K/home/rohan/spherebot/src/motor_control/src/motorControl.cpp:33:5:[m[K [01;31m[Kerror: [m[Kâ€˜[01m[K_i2cBus[m[Kâ€™ was not declared in this scope
   33 |     [01;31m[K_i2cBus[m[K.writemem_32f(MOTOR_A_SPEED_WRITE_REG, speed);
      |     [01;31m[K^~~~~~~[m[K
[01m[K/home/rohan/spherebot/src/motor_control/src/motorControl.cpp:[m[K At global scope:
[01m[K/home/rohan/spherebot/src/motor_control/src/motorControl.cpp:36:6:[m[K [01;31m[Kerror: [m[Kâ€˜[01m[KMotorControl[m[Kâ€™ has not been declared
   36 | void [01;31m[KMotorControl[m[K::setMotorBSpeed(float speed) {
      |      [01;31m[K^~~~~~~~~~~~[m[K
[01m[K/home/rohan/spherebot/src/motor_control/src/motorControl.cpp:[m[K In function â€˜[01m[Kvoid[01;32m[K setMotorBSpeed[m[K(float)[m[Kâ€™:
[01m[K/home/rohan/spherebot/src/motor_control/src/motorControl.cpp:37:5:[m[K [01;31m[Kerror: [m[Kâ€˜[01m[K_i2cBus[m[Kâ€™ was not declared in this scope
   37 |     [01;31m[K_i2cBus[m[K.writemem_32f(MOTOR_B_SPEED_WRITE_REG, speed);
      |     [01;31m[K^~~~~~~[m[K
[01m[K/home/rohan/spherebot/src/motor_control/src/motorControl.cpp:[m[K At global scope:
[01m[K/home/rohan/spherebot/src/motor_control/src/motorControl.cpp:40:6:[m[K [01;31m[Kerror: [m[Kâ€˜[01m[KMotorControl[m[Kâ€™ has not been declared
   40 | void [01;31m[KMotorControl[m[K::reset() {
      |      [01;31m[K^~~~~~~~~~~~[m[K
[01m[K/home/rohan/spherebot/src/motor_control/src/motorControl.cpp:[m[K In function â€˜[01m[Kvoid[01;32m[K reset[m[K()[m[Kâ€™:
[01m[K/home/rohan/spherebot/src/motor_control/src/motorControl.cpp:41:5:[m[K [01;31m[Kerror: [m[Kâ€˜[01m[K_i2cBus[m[Kâ€™ was not declared in this scope
   41 |     [01;31m[K_i2cBus[m[K.writemem(CONTROL_REG, 0XFF);
      |     [01;31m[K^~~~~~~[m[K
[01m[K/home/rohan/spherebot/src/motor_control/src/motorControl.cpp:[m[K At global scope:
[01m[K/home/rohan/spherebot/src/motor_control/src/motorControl.cpp:44:25:[m[K [01;31m[Kerror: [m[Kâ€˜[01m[KMotorControl[m[Kâ€™ has not been declared
   44 | std::pair<float, float> [01;31m[KMotorControl[m[K::get_u_alpha() {
      |                         [01;31m[K^~~~~~~~~~~~[m[K
[01m[K/home/rohan/spherebot/src/motor_control/src/motorControl.cpp:[m[K In function â€˜[01m[Kstd::pair<float, float>[01;32m[K get_u_alpha[m[K()[m[Kâ€™:
[01m[K/home/rohan/spherebot/src/motor_control/src/motorControl.cpp:44:51:[m[K [01;36m[Knote: [m[Kparameter passing for argument of type â€˜[01m[Kstd::pair<float, float>[m[Kâ€™ when C++17 is enabled changed to match C++14 ]8;;https://gcc.gnu.org/gcc-10/changes.html#empty_basein GCC 10.1]8;;
   44 | std::pair<float, float> MotorControl::get_u_alpha([01;36m[K)[m[K {
      |                                                   [01;36m[K^[m[K
gmake[2]: *** [CMakeFiles/motor_control_node.dir/build.make:90: CMakeFiles/motor_control_node.dir/src/motorControl.cpp.o] Error 1
gmake[1]: *** [CMakeFiles/Makefile2:137: CMakeFiles/motor_control_node.dir/all] Error 2
gmake: *** [Makefile:146: all] Error 2
