[ 50%] [32mBuilding CXX object CMakeFiles/remote_control_node.dir/src/remote_control_node.cpp.o[0m
In file included from [01m[K/home/rohan/spherebot/src/remote_control_cpp/src/remote_control_node.cpp:1[m[K:
[01m[K/home/rohan/spherebot/src/remote_control_cpp/src/../include/remote_control_cpp/remote_control_node.hpp:38:38:[m[K [01;31m[Kerror: [m[Kâ€˜[01m[KBool[m[Kâ€™ is not a member of â€˜[01m[Kstd_msgs::msg[m[Kâ€™
   38 |     rclcpp::Publisher<std_msgs::msg::[01;31m[KBool[m[K>::SharedPtr bool_override_pub_;
      |                                      [01;31m[K^~~~[m[K
[01m[K/home/rohan/spherebot/src/remote_control_cpp/src/../include/remote_control_cpp/remote_control_node.hpp:38:42:[m[K [01;31m[Kerror: [m[Ktemplate argument 1 is invalid
   38 |     rclcpp::Publisher<std_msgs::msg::Bool[01;31m[K>[m[K::SharedPtr bool_override_pub_;
      |                                          [01;31m[K^[m[K
[01m[K/home/rohan/spherebot/src/remote_control_cpp/src/../include/remote_control_cpp/remote_control_node.hpp:38:45:[m[K [01;31m[Kerror: [m[Kexpected â€˜[01m[K;[m[Kâ€™ at end of member declaration
   38 |     rclcpp::Publisher<std_msgs::msg::Bool>::[01;31m[KSharedPtr[m[K bool_override_pub_;
      |                                             [01;31m[K^~~~~~~~~[m[K
      |                                                      [32m[K;[m[K
[01m[K/home/rohan/spherebot/src/remote_control_cpp/src/../include/remote_control_cpp/remote_control_node.hpp:38:55:[m[K [01;31m[Kerror: [m[Kâ€˜[01m[Kbool_override_pub_[m[Kâ€™ does not name a type
   38 |     rclcpp::Publisher<std_msgs::msg::Bool>::SharedPtr [01;31m[Kbool_override_pub_[m[K;
      |                                                       [01;31m[K^~~~~~~~~~~~~~~~~~[m[K
[01m[K/home/rohan/spherebot/src/remote_control_cpp/src/remote_control_node.cpp:[m[K In member function â€˜[01m[Kvoid RemoteControlNode::[01;32m[KtimerCallback[m[K()[m[Kâ€™:
[01m[K/home/rohan/spherebot/src/remote_control_cpp/src/remote_control_node.cpp:196:22:[m[K [01;31m[Kerror: [m[Kcannot convert â€˜[01m[KMotorState[m[Kâ€™ to â€˜[01m[Kstd_msgs::msg::Int8_<std::allocator<void> >::_data_type[m[Kâ€™ {aka â€˜[01m[Ksigned char[m[Kâ€™} in assignment
  196 |     state_msg.data = [01;31m[Kstatic_cast<MotorState>(MotorState::MANUAL)[m[K;
      |                      [01;31m[K^~~~~~~~~~~~~~~~~~~~~~~~~~~~~~~~~~~~~~~~~~~[m[K
      |                      [01;31m[K|[m[K
      |                      [01;31m[KMotorState[m[K
gmake[2]: *** [CMakeFiles/remote_control_node.dir/build.make:76: CMakeFiles/remote_control_node.dir/src/remote_control_node.cpp.o] Error 1
gmake[1]: *** [CMakeFiles/Makefile2:137: CMakeFiles/remote_control_node.dir/all] Error 2
gmake: *** [Makefile:146: all] Error 2
