[01m[K/home/rohan/spherebot/src/motor_control/src/motor_control_node.cpp:[m[K In constructor â€˜[01m[KMotorControlNode::[01;32m[KMotorControlNode[m[K()[m[Kâ€™:
[01m[K/home/rohan/spherebot/src/motor_control/src/motor_control_node.cpp:11:3:[m[K [01;31m[Kerror: [m[Kexpected â€˜[01m[K{[m[Kâ€™ before â€˜[01m[Ku_meas_[m[Kâ€™
   11 |   [01;31m[Ku_meas_[m[K(0.0),
      |   [01;31m[K^~~~~~~[m[K
[01m[K/home/rohan/spherebot/src/motor_control/src/motor_control_node.cpp:[m[K At global scope:
[01m[K/home/rohan/spherebot/src/motor_control/src/motor_control_node.cpp:11:10:[m[K [01;31m[Kerror: [m[Kexpected constructor, destructor, or type conversion before â€˜[01m[K([m[Kâ€™ token
   11 |   u_meas_[01;31m[K([m[K0.0),
      |          [01;31m[K^[m[K
[01m[K/home/rohan/spherebot/src/motor_control/src/motor_control_node.cpp:[m[K In member function â€˜[01m[Kvoid MotorControlNode::[01;32m[KjointTrajectoryCallback[m[K(trajectory_msgs::msg::JointTrajectory_<std::allocator<void> >::SharedPtr)[m[Kâ€™:
[01m[K/home/rohan/spherebot/src/motor_control/src/motor_control_node.cpp:53:15:[m[K [01;31m[Kerror: [m[Kâ€˜[01m[Kusing control_msgs::msg::JointTrajectoryControllerState = struct control_msgs::msg::JointTrajectoryControllerState_<std::allocator<void> >[m[Kâ€™ {aka â€˜[01m[Kstruct control_msgs::msg::JointTrajectoryControllerState_<std::allocator<void> >[m[Kâ€™} has no member named â€˜[01m[Kactual[m[Kâ€™
   53 |     state_msg.[01;31m[Kactual[m[K.positions = {u_meas_, alpha_meas_};
      |               [01;31m[K^~~~~~[m[K
[01m[K/home/rohan/spherebot/src/motor_control/src/motor_control_node.cpp:54:15:[m[K [01;31m[Kerror: [m[Kâ€˜[01m[Kusing control_msgs::msg::JointTrajectoryControllerState = struct control_msgs::msg::JointTrajectoryControllerState_<std::allocator<void> >[m[Kâ€™ {aka â€˜[01m[Kstruct control_msgs::msg::JointTrajectoryControllerState_<std::allocator<void> >[m[Kâ€™} has no member named â€˜[01m[Kactual[m[Kâ€™
   54 |     state_msg.[01;31m[Kactual[m[K.velocities = {udot_meas_, alphadot_meas_};
      |               [01;31m[K^~~~~~[m[K
[01m[K/home/rohan/spherebot/src/motor_control/src/motor_control_node.cpp:[m[K In member function â€˜[01m[Kvoid MotorControlNode::[01;32m[KcontrolLoop[m[K()[m[Kâ€™:
[01m[K/home/rohan/spherebot/src/motor_control/src/motor_control_node.cpp:87:24:[m[K [01;31m[Kerror: [m[Kâ€˜[01m[Ku_ref[m[Kâ€™ was not declared in this scope; did you mean â€˜[01m[Ku_ref_[m[Kâ€™?
   87 |     u_PID_.setSetpoint([01;31m[Ku_ref[m[K);
      |                        [01;31m[K^~~~~[m[K
      |                        [32m[Ku_ref_[m[K
[01m[K/home/rohan/spherebot/src/motor_control/src/motor_control_node.cpp:63:99:[m[K [01;36m[Knote: [m[Kparameter passing for argument of type â€˜[01m[Kstd::pair<float, float>[m[Kâ€™ when C++17 is enabled changed to match C++14 ]8;;https://gcc.gnu.org/gcc-10/changes.html#empty_basein GCC 10.1]8;;
   63 |     std::pair<float, float> jointVariableVelocity = computeJointVariables(alphadot_ref_, udot_ref_[01;36m[K)[m[K;
      |                                                                                                   [01;36m[K^[m[K
gmake[2]: *** [CMakeFiles/motor_control_node.dir/build.make:76: CMakeFiles/motor_control_node.dir/src/motor_control_node.cpp.o] Error 1
gmake[1]: *** [CMakeFiles/Makefile2:137: CMakeFiles/motor_control_node.dir/all] Error 2
gmake: *** [Makefile:146: all] Error 2
