[0.024s] Invoking command in '/home/rohan/spherebot/build/remote_control_cpp': CMAKE_PREFIX_PATH=/home/rohan/spherebot/install/control_lib:/home/rohan/spherebot/install/i2c_lib:/home/rohan/spherebot/install/remote_control_cpp:/home/rohan/spherebot/install/joystick_reader:/home/rohan/spherebot/install/gps_read_cpp:/opt/ros/jazzy/opt/gz_math_vendor:/opt/ros/jazzy/opt/gz_utils_vendor:/opt/ros/jazzy/opt/gz_cmake_vendor:/opt/ros/jazzy DEBUGINFOD_URLS=https://debuginfod.ubuntu.com /usr/bin/cmake --build /home/rohan/spherebot/build/remote_control_cpp -- -j4 -l4
[0.141s] [ 50%] [32mBuilding CXX object CMakeFiles/remote_control_node.dir/src/remote_control_node.cpp.o[0m
[4.546s] [01m[K/home/rohan/spherebot/src/remote_control_cpp/src/remote_control_node.cpp:[m[K In member function â€˜[01m[Kvoid RemoteControlNode::[01;32m[KgpsCallback[m[K(sensor_msgs::msg::NavSatFix_<std::allocator<void> >::SharedPtr)[m[Kâ€™:
[4.546s] [01m[K/home/rohan/spherebot/src/remote_control_cpp/src/remote_control_node.cpp:111:16:[m[K [01;31m[Kerror: [m[Kâ€˜[01m[Kconst sensor_msgs::msg::NavSatFix_<std::allocator<void> >::SharedPtr[m[Kâ€™ {aka â€˜[01m[Kconst class std::shared_ptr<sensor_msgs::msg::NavSatFix_<std::allocator<void> > >[m[Kâ€™} has no member named â€˜[01m[Klatitude[m[Kâ€™
[4.546s]   111 |     _lat = msg.[01;31m[Klatitude[m[K;
[4.546s]       |                [01;31m[K^~~~~~~~[m[K
[4.546s] [01m[K/home/rohan/spherebot/src/remote_control_cpp/src/remote_control_node.cpp:112:17:[m[K [01;31m[Kerror: [m[Kâ€˜[01m[Kconst sensor_msgs::msg::NavSatFix_<std::allocator<void> >::SharedPtr[m[Kâ€™ {aka â€˜[01m[Kconst class std::shared_ptr<sensor_msgs::msg::NavSatFix_<std::allocator<void> > >[m[Kâ€™} has no member named â€˜[01m[Klongitude[m[Kâ€™
[4.546s]   112 |     _long = msg.[01;31m[Klongitude[m[K;
[4.546s]       |                 [01;31m[K^~~~~~~~~[m[K
[4.546s] [01m[K/home/rohan/spherebot/src/remote_control_cpp/src/remote_control_node.cpp:113:16:[m[K [01;31m[Kerror: [m[Kâ€˜[01m[Kconst sensor_msgs::msg::NavSatFix_<std::allocator<void> >::SharedPtr[m[Kâ€™ {aka â€˜[01m[Kconst class std::shared_ptr<sensor_msgs::msg::NavSatFix_<std::allocator<void> > >[m[Kâ€™} has no member named â€˜[01m[Kaltitude[m[Kâ€™
[4.547s]   113 |     _alt = msg.[01;31m[Kaltitude[m[K;
[4.547s]       |                [01;31m[K^~~~~~~~[m[K
[4.547s] [01m[K/home/rohan/spherebot/src/remote_control_cpp/src/remote_control_node.cpp:114:13:[m[K [01;31m[Kerror: [m[Kâ€˜[01m[Kconst sensor_msgs::msg::NavSatFix_<std::allocator<void> >::SharedPtr[m[Kâ€™ {aka â€˜[01m[Kconst class std::shared_ptr<sensor_msgs::msg::NavSatFix_<std::allocator<void> > >[m[Kâ€™} has no member named â€˜[01m[Kstatus[m[Kâ€™
[4.547s]   114 |     if (msg.[01;31m[Kstatus[m[K.status == sensor_msgs::msg::NavSatStatus::STATUS_FIX) {
[4.547s]       |             [01;31m[K^~~~~~[m[K
[9.356s] [01m[K/home/rohan/spherebot/src/remote_control_cpp/src/remote_control_node.cpp:[m[K In member function â€˜[01m[Kvoid RemoteControlNode::[01;32m[KtimerCallback[m[K()[m[Kâ€™:
[9.356s] [01m[K/home/rohan/spherebot/src/remote_control_cpp/src/remote_control_node.cpp:139:99:[m[K [01;36m[Knote: [m[Kparameter passing for argument of type â€˜[01m[Kstd::pair<float, float>[m[Kâ€™ when C++17 is enabled changed to match C++14 ]8;;https://gcc.gnu.org/gcc-10/changes.html#empty_basein GCC 10.1]8;;
[9.356s]   139 |     std::pair<float, float> jointVariableVelocity = computeJointVariables(alpha_dot_ref, u_dot_ref[01;36m[K)[m[K;
[9.356s]       |                                                                                                   [01;36m[K^[m[K
[9.454s] gmake[2]: *** [CMakeFiles/remote_control_node.dir/build.make:76: CMakeFiles/remote_control_node.dir/src/remote_control_node.cpp.o] Error 1
[9.454s] gmake[1]: *** [CMakeFiles/Makefile2:137: CMakeFiles/remote_control_node.dir/all] Error 2
[9.455s] gmake: *** [Makefile:146: all] Error 2
[9.461s] Invoked command in '/home/rohan/spherebot/build/remote_control_cpp' returned '2': CMAKE_PREFIX_PATH=/home/rohan/spherebot/install/control_lib:/home/rohan/spherebot/install/i2c_lib:/home/rohan/spherebot/install/remote_control_cpp:/home/rohan/spherebot/install/joystick_reader:/home/rohan/spherebot/install/gps_read_cpp:/opt/ros/jazzy/opt/gz_math_vendor:/opt/ros/jazzy/opt/gz_utils_vendor:/opt/ros/jazzy/opt/gz_cmake_vendor:/opt/ros/jazzy DEBUGINFOD_URLS=https://debuginfod.ubuntu.com /usr/bin/cmake --build /home/rohan/spherebot/build/remote_control_cpp -- -j4 -l4
