-- Found ament_cmake: 2.5.2 (/opt/ros/jazzy/share/ament_cmake/cmake)
-- Found rclcpp: 28.1.3 (/opt/ros/jazzy/share/rclcpp/cmake)
-- Found rosidl_generator_c: 4.6.3 (/opt/ros/jazzy/share/rosidl_generator_c/cmake)
-- Found rosidl_generator_cpp: 4.6.3 (/opt/ros/jazzy/share/rosidl_generator_cpp/cmake)
-- Using all available rosidl_typesupport_c: rosidl_typesupport_fastrtps_c;rosidl_typesupport_introspection_c
-- Using all available rosidl_typesupport_cpp: rosidl_typesupport_fastrtps_cpp;rosidl_typesupport_introspection_cpp
-- Found rmw_implementation_cmake: 7.3.1 (/opt/ros/jazzy/share/rmw_implementation_cmake/cmake)
-- Found rmw_fastrtps_cpp: 8.4.1 (/opt/ros/jazzy/share/rmw_fastrtps_cpp/cmake)
-- Using RMW implementation 'rmw_fastrtps_cpp' as default
-- Found i2c_lib: 0.0.1 (/home/rohan/spherebot/install/i2c_lib/share/i2c_lib/cmake)
-- Found control_lib: 0.0.0 (/home/rohan/spherebot/install/control_lib/share/control_lib/cmake)
-- Found trajectory_msgs: 5.3.5 (/opt/ros/jazzy/share/trajectory_msgs/cmake)
-- Found control_msgs: 5.2.0 (/opt/ros/jazzy/share/control_msgs/cmake)
-- Configuring done (1.2s)
-- Generating done (0.0s)
-- Build files have been written to: /home/rohan/spherebot/build/motor_control
[ 66%] [32mBuilding CXX object CMakeFiles/motor_control_node.dir/src/motorControl.cpp.o[0m
[ 66%] [32mBuilding CXX object CMakeFiles/motor_control_node.dir/src/motor_control_node.cpp.o[0m
[01m[K/home/rohan/spherebot/src/motor_control/src/motorControl.cpp:[m[K In member function â€˜[01m[Kstd::pair<float, float> MotorControl::[01;32m[Kget_u_alpha[m[K()[m[Kâ€™:
[01m[K/home/rohan/spherebot/src/motor_control/src/motorControl.cpp:44:51:[m[K [01;36m[Knote: [m[Kparameter passing for argument of type â€˜[01m[Kstd::pair<float, float>[m[Kâ€™ when C++17 is enabled changed to match C++14 ]8;;https://gcc.gnu.org/gcc-10/changes.html#empty_basein GCC 10.1]8;;
   44 | std::pair<float, float> MotorControl::get_u_alpha([01;36m[K)[m[K {
      |                                                   [01;36m[K^[m[K
In file included from [01m[K/home/rohan/spherebot/src/motor_control/src/motor_control_node.cpp:1[m[K:
[01m[K/home/rohan/spherebot/src/motor_control/src/../include/motor_control/motor_control_node.hpp:43:23:[m[K [01;31m[Kerror: [m[Kredeclaration of â€˜[01m[Kdouble MotorControlNode::udot_ref_[m[Kâ€™
   43 |     double udot_ref_, [01;31m[Kudot_ref_[m[K;
      |                       [01;31m[K^~~~~~~~~[m[K
[01m[K/home/rohan/spherebot/src/motor_control/src/../include/motor_control/motor_control_node.hpp:43:12:[m[K [01;36m[Knote: [m[Kprevious declaration â€˜[01m[Kdouble MotorControlNode::udot_ref_[m[Kâ€™
   43 |     double [01;36m[Kudot_ref_[m[K, udot_ref_;
      |            [01;36m[K^~~~~~~~~[m[K
[01m[K/home/rohan/spherebot/src/motor_control/src/motor_control_node.cpp:[m[K In constructor â€˜[01m[KMotorControlNode::[01;32m[KMotorControlNode[m[K()[m[Kâ€™:
[01m[K/home/rohan/spherebot/src/motor_control/src/motor_control_node.cpp:10:3:[m[K [01;31m[Kerror: [m[Kclass â€˜[01m[KMotorControlNode[m[Kâ€™ does not have any field named â€˜[01m[Kalphadot_ref_[m[Kâ€™
   10 |   [01;31m[Kalphadot_ref_[m[K(0.0)
      |   [01;31m[K^~~~~~~~~~~~~[m[K
[01m[K/home/rohan/spherebot/src/motor_control/src/motor_control_node.cpp:11:3:[m[K [01;31m[Kerror: [m[Kexpected â€˜[01m[K{[m[Kâ€™ before â€˜[01m[Ku_meas_[m[Kâ€™
   11 |   [01;31m[Ku_meas_[m[K(0.0),
      |   [01;31m[K^~~~~~~[m[K
[01m[K/home/rohan/spherebot/src/motor_control/src/motor_control_node.cpp:[m[K At global scope:
[01m[K/home/rohan/spherebot/src/motor_control/src/motor_control_node.cpp:11:10:[m[K [01;31m[Kerror: [m[Kexpected constructor, destructor, or type conversion before â€˜[01m[K([m[Kâ€™ token
   11 |   u_meas_[01;31m[K([m[K0.0),
      |          [01;31m[K^[m[K
[01m[K/home/rohan/spherebot/src/motor_control/src/motor_control_node.cpp:[m[K In member function â€˜[01m[Kvoid MotorControlNode::[01;32m[KjointTrajectoryCallback[m[K(trajectory_msgs::msg::JointTrajectory_<std::allocator<void> >::SharedPtr)[m[Kâ€™:
[01m[K/home/rohan/spherebot/src/motor_control/src/motor_control_node.cpp:48:5:[m[K [01;31m[Kerror: [m[Kâ€˜[01m[Kalphadot_ref_[m[Kâ€™ was not declared in this scope; did you mean â€˜[01m[Kalpha_ref_[m[Kâ€™?
   48 |     [01;31m[Kalphadot_ref_[m[K = msg->points[0].velocities[1];
      |     [01;31m[K^~~~~~~~~~~~~[m[K
      |     [32m[Kalpha_ref_[m[K
[01m[K/home/rohan/spherebot/src/motor_control/src/motor_control_node.cpp:53:15:[m[K [01;31m[Kerror: [m[Kâ€˜[01m[Kusing control_msgs::msg::JointTrajectoryControllerState = struct control_msgs::msg::JointTrajectoryControllerState_<std::allocator<void> >[m[Kâ€™ {aka â€˜[01m[Kstruct control_msgs::msg::JointTrajectoryControllerState_<std::allocator<void> >[m[Kâ€™} has no member named â€˜[01m[Kactual[m[Kâ€™
   53 |     state_msg.[01;31m[Kactual[m[K.positions = {u_meas_, alpha_meas_};
      |               [01;31m[K^~~~~~[m[K
[01m[K/home/rohan/spherebot/src/motor_control/src/motor_control_node.cpp:54:15:[m[K [01;31m[Kerror: [m[Kâ€˜[01m[Kusing control_msgs::msg::JointTrajectoryControllerState = struct control_msgs::msg::JointTrajectoryControllerState_<std::allocator<void> >[m[Kâ€™ {aka â€˜[01m[Kstruct control_msgs::msg::JointTrajectoryControllerState_<std::allocator<void> >[m[Kâ€™} has no member named â€˜[01m[Kactual[m[Kâ€™
   54 |     state_msg.[01;31m[Kactual[m[K.velocities = {udot_meas_, alphadot_meas_};
      |               [01;31m[K^~~~~~[m[K
[01m[K/home/rohan/spherebot/src/motor_control/src/motor_control_node.cpp:54:36:[m[K [01;31m[Kerror: [m[Kâ€˜[01m[Kudot_meas_[m[Kâ€™ was not declared in this scope; did you mean â€˜[01m[Kudot_meas__[m[Kâ€™?
   54 |     state_msg.actual.velocities = {[01;31m[Kudot_meas_[m[K, alphadot_meas_};
      |                                    [01;31m[K^~~~~~~~~~[m[K
      |                                    [32m[Kudot_meas__[m[K
[01m[K/home/rohan/spherebot/src/motor_control/src/motor_control_node.cpp:54:48:[m[K [01;31m[Kerror: [m[Kâ€˜[01m[Kalphadot_meas_[m[Kâ€™ was not declared in this scope; did you mean â€˜[01m[Kalphadot_meas__[m[Kâ€™?
   54 |     state_msg.actual.velocities = {udot_meas_, [01;31m[Kalphadot_meas_[m[K};
      |                                                [01;31m[K^~~~~~~~~~~~~~[m[K
      |                                                [32m[Kalphadot_meas__[m[K
[01m[K/home/rohan/spherebot/src/motor_control/src/motor_control_node.cpp:[m[K In member function â€˜[01m[Kvoid MotorControlNode::[01;32m[KcontrolLoop[m[K()[m[Kâ€™:
[01m[K/home/rohan/spherebot/src/motor_control/src/motor_control_node.cpp:63:75:[m[K [01;31m[Kerror: [m[Kâ€˜[01m[Kalphadot_ref_[m[Kâ€™ was not declared in this scope; did you mean â€˜[01m[Kalpha_ref_[m[Kâ€™?
   63 |     std::pair<float, float> jointVariableVelocity = computeJointVariables([01;31m[Kalphadot_ref_[m[K, udot_ref_);
      |                                                                           [01;31m[K^~~~~~~~~~~~~[m[K
      |                                                                           [32m[Kalpha_ref_[m[K
[01m[K/home/rohan/spherebot/src/motor_control/src/motor_control_node.cpp:87:24:[m[K [01;31m[Kerror: [m[Kâ€˜[01m[Ku_ref[m[Kâ€™ was not declared in this scope; did you mean â€˜[01m[Ku_ref_[m[Kâ€™?
   87 |     u_PID_.setSetpoint([01;31m[Ku_ref[m[K);
      |                        [01;31m[K^~~~~[m[K
      |                        [32m[Ku_ref_[m[K
[01m[K/home/rohan/spherebot/src/motor_control/src/motor_control_node.cpp:114:5:[m[K [01;31m[Kerror: [m[Kâ€˜[01m[Kudot_meas_[m[Kâ€™ was not declared in this scope; did you mean â€˜[01m[Kudot_meas__[m[Kâ€™?
  114 |     [01;31m[Kudot_meas_[m[K = u_alpha_dot.second;
      |     [01;31m[K^~~~~~~~~~[m[K
      |     [32m[Kudot_meas__[m[K
[01m[K/home/rohan/spherebot/src/motor_control/src/motor_control_node.cpp:115:5:[m[K [01;31m[Kerror: [m[Kâ€˜[01m[Kalphadot_meas_[m[Kâ€™ was not declared in this scope; did you mean â€˜[01m[Kalphadot_meas__[m[Kâ€™?
  115 |     [01;31m[Kalphadot_meas_[m[K = u_alpha_dot.first; // in rad/s
      |     [01;31m[K^~~~~~~~~~~~~~[m[K
      |     [32m[Kalphadot_meas__[m[K
[01m[K/home/rohan/spherebot/src/motor_control/src/motor_control_node.cpp:81:91:[m[K [01;36m[Knote: [m[Kparameter passing for argument of type â€˜[01m[Kstd::pair<float, float>[m[Kâ€™ when C++17 is enabled changed to match C++14 ]8;;https://gcc.gnu.org/gcc-10/changes.html#empty_basein GCC 10.1]8;;
   81 |     std::pair<float,float> u_alpha = computeJointVariablesInverse(motorACount, motorBCount[01;36m[K)[m[K;
      |                                                                                           [01;36m[K^[m[K
gmake[2]: *** [CMakeFiles/motor_control_node.dir/build.make:76: CMakeFiles/motor_control_node.dir/src/motor_control_node.cpp.o] Error 1
gmake[1]: *** [CMakeFiles/Makefile2:137: CMakeFiles/motor_control_node.dir/all] Error 2
gmake: *** [Makefile:146: all] Error 2
