[ 66%] [32mBuilding CXX object CMakeFiles/motor_control_node.dir/src/motor_control_node.cpp.o[0m
[ 66%] [32mBuilding CXX object CMakeFiles/motor_control_node.dir/src/motorControl.cpp.o[0m
In file included from [01m[K/home/rohan/spherebot/src/motor_control/src/motor_control_node.cpp:1[m[K:
[01m[K/home/rohan/spherebot/src/motor_control/src/../include/motor_control/motor_control_node.hpp:5:10:[m[K [01;31m[Kfatal error: [m[Ktrajectory_msgs/msg/joint_trajectory.hpp: No such file or directory
    5 | #include [01;31m[K<trajectory_msgs/msg/joint_trajectory.hpp>[m[K
      |          [01;31m[K^~~~~~~~~~~~~~~~~~~~~~~~~~~~~~~~~~~~~~~~~~[m[K
compilation terminated.
gmake[2]: *** [CMakeFiles/motor_control_node.dir/build.make:76: CMakeFiles/motor_control_node.dir/src/motor_control_node.cpp.o] Error 1
gmake[2]: *** Waiting for unfinished jobs....
[01m[K/home/rohan/spherebot/src/motor_control/src/motorControl.cpp:[m[K In member function â€˜[01m[Kstd::pair<float, float> MotorControl::[01;32m[Kget_u_alpha[m[K()[m[Kâ€™:
[01m[K/home/rohan/spherebot/src/motor_control/src/motorControl.cpp:44:51:[m[K [01;36m[Knote: [m[Kparameter passing for argument of type â€˜[01m[Kstd::pair<float, float>[m[Kâ€™ when C++17 is enabled changed to match C++14 ]8;;https://gcc.gnu.org/gcc-10/changes.html#empty_basein GCC 10.1]8;;
   44 | std::pair<float, float> MotorControl::get_u_alpha([01;36m[K)[m[K {
      |                                                   [01;36m[K^[m[K
gmake[1]: *** [CMakeFiles/Makefile2:137: CMakeFiles/motor_control_node.dir/all] Error 2
gmake: *** [Makefile:146: all] Error 2
