<?xml version="1.0" encoding="UTF-8"?>
<Site BuildName="(empty)"
	BuildStamp="20241028-0841-Experimental"
	Name="RonsLaptop"
	Generator="ctest-3.28.3"
	CompilerName="/usr/bin/g++"
	CompilerVersion="13.2.0"
	OSName="Linux"
	Hostname="RonsLaptop"
	OSRelease="5.15.153.1-microsoft-standard-WSL2"
	OSVersion="#1 SMP Fri Mar 29 23:14:13 UTC 2024"
	OSPlatform="x86_64"
	Is64Bits="1"
	VendorString="AuthenticAMD"
	VendorID="Advanced Micro Devices"
	FamilyID="25"
	ModelID="116"
	ProcessorCacheSize="1024"
	NumberOfLogicalCPU="16"
	NumberOfPhysicalCPU="8"
	TotalVirtualMemory="2048"
	TotalPhysicalMemory="7542"
	LogicalProcessorsPerPhysical="2"
	ProcessorClockFrequency="3992.24"
	>
	<Testing>
		<StartDateTime>Oct 28 19:41 AEDT</StartDateTime>
		<StartTestTime>1730104910</StartTestTime>
		<TestList/>
		<EndDateTime>Oct 28 19:41 AEDT</EndDateTime>
		<EndTestTime>1730104910</EndTestTime>
		<ElapsedMinutes>0</ElapsedMinutes>
	</Testing>
</Site>
