[01m[K/home/rohan/spherebot/src/autonomous_control_pid/src/autonomous_control_pid_node.cpp:[m[K In member function â€˜[01m[Kvoid AutonomousControlNodePID::[01;32m[KnextStateLogic[m[K()[m[Kâ€™:
[01m[K/home/rohan/spherebot/src/autonomous_control_pid/src/autonomous_control_pid_node.cpp:235:13:[m[K [01;31m[Kerror: [m[Kexpected â€˜[01m[K,[m[Kâ€™ or â€˜[01m[K;[m[Kâ€™ before â€˜[01m[Kstd[m[Kâ€™
  235 |             [01;31m[Kstd[m[K::chrono::duration<float> elapsed = currentTime - startTime;
      |             [01;31m[K^~~[m[K
[01m[K/home/rohan/spherebot/src/autonomous_control_pid/src/autonomous_control_pid_node.cpp:236:17:[m[K [01;31m[Kerror: [m[Kâ€˜[01m[Kelapsed[m[Kâ€™ was not declared in this scope
  236 |             if ([01;31m[Kelapsed[m[K.duration() > 2) {
      |                 [01;31m[K^~~~~~~[m[K
gmake[2]: *** [CMakeFiles/autonomous_control_pid_node.dir/build.make:76: CMakeFiles/autonomous_control_pid_node.dir/src/autonomous_control_pid_node.cpp.o] Error 1
gmake[1]: *** [CMakeFiles/Makefile2:137: CMakeFiles/autonomous_control_pid_node.dir/all] Error 2
gmake: *** [Makefile:146: all] Error 2
