[0.021s] Invoking command in '/home/rohan/spherebot/build/autonomous_control_pid': CMAKE_PREFIX_PATH=/home/rohan/spherebot/install/control_lib:/home/rohan/spherebot/install/i2c_lib:/home/rohan/spherebot/install/remote_control_cpp:/home/rohan/spherebot/install/motor_control:/home/rohan/spherebot/install/joystick_reader:/home/rohan/spherebot/install/gps_read_cpp:/home/rohan/spherebot/install/dfr_10_dof_pkg:/opt/ros/jazzy/opt/gz_math_vendor:/opt/ros/jazzy/opt/gz_utils_vendor:/opt/ros/jazzy/opt/gz_cmake_vendor:/home/rohan/spherebot/install/data_logger_pkg:/opt/ros/jazzy DEBUGINFOD_URLS=https://debuginfod.ubuntu.com /usr/bin/cmake --build /home/rohan/spherebot/build/autonomous_control_pid -- -j4 -l4
[0.141s] [ 50%] [32mBuilding CXX object CMakeFiles/autonomous_control_pid_node.dir/src/autonomous_control_pid_node.cpp.o[0m
[4.943s] [01m[K/home/rohan/spherebot/src/autonomous_control_pid/src/autonomous_control_pid_node.cpp:[m[K In member function â€˜[01m[Kvoid AutonomousControlNodePID::[01;32m[KnextStateLogic[m[K()[m[Kâ€™:
[4.943s] [01m[K/home/rohan/spherebot/src/autonomous_control_pid/src/autonomous_control_pid_node.cpp:235:13:[m[K [01;31m[Kerror: [m[Kexpected â€˜[01m[K,[m[Kâ€™ or â€˜[01m[K;[m[Kâ€™ before â€˜[01m[Kstd[m[Kâ€™
[4.943s]   235 |             [01;31m[Kstd[m[K::chrono::duration<float> elapsed = currentTime - startTime;
[4.943s]       |             [01;31m[K^~~[m[K
[4.954s] [01m[K/home/rohan/spherebot/src/autonomous_control_pid/src/autonomous_control_pid_node.cpp:236:17:[m[K [01;31m[Kerror: [m[Kâ€˜[01m[Kelapsed[m[Kâ€™ was not declared in this scope
[4.954s]   236 |             if ([01;31m[Kelapsed[m[K.duration() > 2) {
[4.954s]       |                 [01;31m[K^~~~~~~[m[K
[15.368s] gmake[2]: *** [CMakeFiles/autonomous_control_pid_node.dir/build.make:76: CMakeFiles/autonomous_control_pid_node.dir/src/autonomous_control_pid_node.cpp.o] Error 1
[15.369s] gmake[1]: *** [CMakeFiles/Makefile2:137: CMakeFiles/autonomous_control_pid_node.dir/all] Error 2
[15.369s] gmake: *** [Makefile:146: all] Error 2
[15.373s] Invoked command in '/home/rohan/spherebot/build/autonomous_control_pid' returned '2': CMAKE_PREFIX_PATH=/home/rohan/spherebot/install/control_lib:/home/rohan/spherebot/install/i2c_lib:/home/rohan/spherebot/install/remote_control_cpp:/home/rohan/spherebot/install/motor_control:/home/rohan/spherebot/install/joystick_reader:/home/rohan/spherebot/install/gps_read_cpp:/home/rohan/spherebot/install/dfr_10_dof_pkg:/opt/ros/jazzy/opt/gz_math_vendor:/opt/ros/jazzy/opt/gz_utils_vendor:/opt/ros/jazzy/opt/gz_cmake_vendor:/home/rohan/spherebot/install/data_logger_pkg:/opt/ros/jazzy DEBUGINFOD_URLS=https://debuginfod.ubuntu.com /usr/bin/cmake --build /home/rohan/spherebot/build/autonomous_control_pid -- -j4 -l4
