[0.022s] Invoking command in '/home/rohan/spherebot/build/motor_control': AMENT_PREFIX_PATH=/home/rohan/spherebot/install/control_lib:/home/rohan/spherebot/install/i2c_lib:${AMENT_PREFIX_PATH} CMAKE_PREFIX_PATH=/home/rohan/spherebot/install/control_lib:/home/rohan/spherebot/install/i2c_lib:/opt/ros/jazzy/opt/gz_math_vendor:/opt/ros/jazzy/opt/gz_utils_vendor:/opt/ros/jazzy/opt/gz_cmake_vendor:/opt/ros/jazzy DEBUGINFOD_URLS=https://debuginfod.ubuntu.com LD_LIBRARY_PATH=/home/rohan/spherebot/install/control_lib/lib:/home/rohan/spherebot/install/i2c_lib/lib:${LD_LIBRARY_PATH} /usr/bin/cmake --build /home/rohan/spherebot/build/motor_control -- -j4 -l4
[0.140s] [ 33%] [32mBuilding CXX object CMakeFiles/motor_control_node.dir/src/motor_control_node.cpp.o[0m
[5.306s] [01m[K/home/rohan/spherebot/src/motor_control/src/motor_control_node.cpp:[m[K In member function â€˜[01m[Kvoid MotorControlNode::[01;32m[KjointTrajectoryCallback[m[K(trajectory_msgs::msg::JointTrajectory_<std::allocator<void> >::SharedPtr)[m[Kâ€™:
[5.307s] [01m[K/home/rohan/spherebot/src/motor_control/src/motor_control_node.cpp:54:15:[m[K [01;31m[Kerror: [m[Kâ€˜[01m[Kusing control_msgs::msg::JointTrajectoryControllerState = struct control_msgs::msg::JointTrajectoryControllerState_<std::allocator<void> >[m[Kâ€™ {aka â€˜[01m[Kstruct control_msgs::msg::JointTrajectoryControllerState_<std::allocator<void> >[m[Kâ€™} has no member named â€˜[01m[Kactual[m[Kâ€™
[5.307s]    54 |     state_msg.[01;31m[Kactual[m[K.positions = {u_meas_, alpha_meas_};
[5.307s]       |               [01;31m[K^~~~~~[m[K
[5.308s] [01m[K/home/rohan/spherebot/src/motor_control/src/motor_control_node.cpp:55:15:[m[K [01;31m[Kerror: [m[Kâ€˜[01m[Kusing control_msgs::msg::JointTrajectoryControllerState = struct control_msgs::msg::JointTrajectoryControllerState_<std::allocator<void> >[m[Kâ€™ {aka â€˜[01m[Kstruct control_msgs::msg::JointTrajectoryControllerState_<std::allocator<void> >[m[Kâ€™} has no member named â€˜[01m[Kactual[m[Kâ€™
[5.308s]    55 |     state_msg.[01;31m[Kactual[m[K.velocities = {udot_meas_, alphadot_meas_};
[5.308s]       |               [01;31m[K^~~~~~[m[K
[10.407s] [01m[K/home/rohan/spherebot/src/motor_control/src/motor_control_node.cpp:[m[K In member function â€˜[01m[Kvoid MotorControlNode::[01;32m[KcontrolLoop[m[K()[m[Kâ€™:
[10.408s] [01m[K/home/rohan/spherebot/src/motor_control/src/motor_control_node.cpp:64:99:[m[K [01;36m[Knote: [m[Kparameter passing for argument of type â€˜[01m[Kstd::pair<float, float>[m[Kâ€™ when C++17 is enabled changed to match C++14 ]8;;https://gcc.gnu.org/gcc-10/changes.html#empty_basein GCC 10.1]8;;
[10.408s]    64 |     std::pair<float, float> jointVariableVelocity = computeJointVariables(alphadot_ref_, udot_ref_[01;36m[K)[m[K;
[10.408s]       |                                                                                                   [01;36m[K^[m[K
[10.472s] gmake[2]: *** [CMakeFiles/motor_control_node.dir/build.make:76: CMakeFiles/motor_control_node.dir/src/motor_control_node.cpp.o] Error 1
[10.473s] gmake[1]: *** [CMakeFiles/Makefile2:137: CMakeFiles/motor_control_node.dir/all] Error 2
[10.473s] gmake: *** [Makefile:146: all] Error 2
[10.478s] Invoked command in '/home/rohan/spherebot/build/motor_control' returned '2': AMENT_PREFIX_PATH=/home/rohan/spherebot/install/control_lib:/home/rohan/spherebot/install/i2c_lib:${AMENT_PREFIX_PATH} CMAKE_PREFIX_PATH=/home/rohan/spherebot/install/control_lib:/home/rohan/spherebot/install/i2c_lib:/opt/ros/jazzy/opt/gz_math_vendor:/opt/ros/jazzy/opt/gz_utils_vendor:/opt/ros/jazzy/opt/gz_cmake_vendor:/opt/ros/jazzy DEBUGINFOD_URLS=https://debuginfod.ubuntu.com LD_LIBRARY_PATH=/home/rohan/spherebot/install/control_lib/lib:/home/rohan/spherebot/install/i2c_lib/lib:${LD_LIBRARY_PATH} /usr/bin/cmake --build /home/rohan/spherebot/build/motor_control -- -j4 -l4
