In file included from [01m[K/home/rohan/spherebot/src/remote_control_cpp/src/remote_control_node.cpp:1[m[K:
[01m[K/home/rohan/spherebot/src/remote_control_cpp/src/../include/remote_control_cpp/remote_control_node.hpp:27:38:[m[K [01;31m[Kerror: [m[Kâ€˜[01m[KBool[m[Kâ€™ is not a member of â€˜[01m[Kstd_msgs::msg[m[Kâ€™
   27 |     rclcpp::Publisher<std_msgs::msg::[01;31m[KBool[m[K>::SharedPtr bool_override_pub_;
      |                                      [01;31m[K^~~~[m[K
[01m[K/home/rohan/spherebot/src/remote_control_cpp/src/../include/remote_control_cpp/remote_control_node.hpp:27:42:[m[K [01;31m[Kerror: [m[Ktemplate argument 1 is invalid
   27 |     rclcpp::Publisher<std_msgs::msg::Bool[01;31m[K>[m[K::SharedPtr bool_override_pub_;
      |                                          [01;31m[K^[m[K
[01m[K/home/rohan/spherebot/src/remote_control_cpp/src/../include/remote_control_cpp/remote_control_node.hpp:27:45:[m[K [01;31m[Kerror: [m[Kexpected â€˜[01m[K;[m[Kâ€™ at end of member declaration
   27 |     rclcpp::Publisher<std_msgs::msg::Bool>::[01;31m[KSharedPtr[m[K bool_override_pub_;
      |                                             [01;31m[K^~~~~~~~~[m[K
      |                                                      [32m[K;[m[K
[01m[K/home/rohan/spherebot/src/remote_control_cpp/src/../include/remote_control_cpp/remote_control_node.hpp:27:55:[m[K [01;31m[Kerror: [m[Kâ€˜[01m[Kbool_override_pub_[m[Kâ€™ does not name a type
   27 |     rclcpp::Publisher<std_msgs::msg::Bool>::SharedPtr [01;31m[Kbool_override_pub_[m[K;
      |                                                       [01;31m[K^~~~~~~~~~~~~~~~~~[m[K
[01m[K/home/rohan/spherebot/src/remote_control_cpp/src/remote_control_node.cpp:[m[K In constructor â€˜[01m[KRemoteControlNode::[01;32m[KRemoteControlNode[m[K()[m[Kâ€™:
[01m[K/home/rohan/spherebot/src/remote_control_cpp/src/remote_control_node.cpp:43:5:[m[K [01;31m[Kerror: [m[Kâ€˜[01m[Kbool_override_pub_[m[Kâ€™ was not declared in this scope
   43 |     [01;31m[Kbool_override_pub_[m[K = this->create_publisher<std_msgs::msg::Bool>(
      |     [01;31m[K^~~~~~~~~~~~~~~~~~[m[K
[01m[K/home/rohan/spherebot/src/remote_control_cpp/src/remote_control_node.cpp:43:64:[m[K [01;31m[Kerror: [m[Kâ€˜[01m[KBool[m[Kâ€™ is not a member of â€˜[01m[Kstd_msgs::msg[m[Kâ€™
   43 |     bool_override_pub_ = this->create_publisher<std_msgs::msg::[01;31m[KBool[m[K>(
      |                                                                [01;31m[K^~~~[m[K
[01m[K/home/rohan/spherebot/src/remote_control_cpp/src/remote_control_node.cpp:43:69:[m[K [01;31m[Kerror: [m[Kno matching function for call to â€˜[01m[KRemoteControlNode::create_publisher<<expression error> >(const char [21], int)[m[Kâ€™
   43 |     bool_override_pub_ = [01;31m[Kthis->create_publisher<std_msgs::msg::Bool>([m[K
      |                          [01;31m[K~~~~~~~~~~~~~~~~~~~~~~~~~~~~~~~~~~~~~~~~~~~^[m[K
   44 | [01;31m[K        "overrides/u_override", 1[m[K
      |         [01;31m[K~~~~~~~~~~~~~~~~~~~~~~~~~[m[K                                    
   45 | [01;31m[K    )[m[K;
      |     [01;31m[K~[m[K                                                                
In file included from [01m[K/opt/ros/jazzy/include/rclcpp/rclcpp/node.hpp:1663[m[K,
                 from [01m[K/opt/ros/jazzy/include/rclcpp/rclcpp/executors/single_threaded_executor.hpp:28[m[K,
                 from [01m[K/opt/ros/jazzy/include/rclcpp/rclcpp/executors.hpp:22[m[K,
                 from [01m[K/opt/ros/jazzy/include/rclcpp/rclcpp/rclcpp.hpp:172[m[K,
                 from [01m[K/home/rohan/spherebot/src/remote_control_cpp/src/../include/remote_control_cpp/remote_control_node.hpp:8[m[K:
[01m[K/opt/ros/jazzy/include/rclcpp/rclcpp/node_impl.hpp:73:1:[m[K [01;36m[Knote: [m[Kcandidate: â€˜[01m[Ktemplate<class MessageT, class AllocatorT, class PublisherT> std::shared_ptr<PublisherT> rclcpp::Node::[01;32m[Kcreate_publisher[m[K(const std::string&, const rclcpp::QoS&, const rclcpp::PublisherOptionsWithAllocator<AllocatorT>&)[m[Kâ€™
   73 | [01;36m[KNode[m[K::create_publisher(
      | [01;36m[K^~~~[m[K
[01m[K/opt/ros/jazzy/include/rclcpp/rclcpp/node_impl.hpp:73:1:[m[K [01;36m[Knote: [m[K  template argument deduction/substitution failed:
[01m[K/home/rohan/spherebot/src/remote_control_cpp/src/remote_control_node.cpp:43:69:[m[K [01;31m[Kerror: [m[Ktemplate argument 1 is invalid
   43 |     bool_override_pub_ = [01;31m[Kthis->create_publisher<std_msgs::msg::Bool>([m[K
      |                          [01;31m[K~~~~~~~~~~~~~~~~~~~~~~~~~~~~~~~~~~~~~~~~~~~^[m[K
   44 | [01;31m[K        "overrides/u_override", 1[m[K
      |         [01;31m[K~~~~~~~~~~~~~~~~~~~~~~~~~[m[K                                    
   45 | [01;31m[K    )[m[K;
      |     [01;31m[K~[m[K                                                                
[01m[K/home/rohan/spherebot/src/remote_control_cpp/src/remote_control_node.cpp:[m[K In member function â€˜[01m[Kvoid RemoteControlNode::[01;32m[KtimerCallback[m[K()[m[Kâ€™:
[01m[K/home/rohan/spherebot/src/remote_control_cpp/src/remote_control_node.cpp:155:20:[m[K [01;31m[Kerror: [m[Kâ€˜[01m[KBool[m[Kâ€™ is not a member of â€˜[01m[Kstd_msgs::msg[m[Kâ€™
  155 |     std_msgs::msg::[01;31m[KBool[m[K override_msg;
      |                    [01;31m[K^~~~[m[K
[01m[K/home/rohan/spherebot/src/remote_control_cpp/src/remote_control_node.cpp:156:5:[m[K [01;31m[Kerror: [m[Kâ€˜[01m[Koverride_msg[m[Kâ€™ was not declared in this scope
  156 |     [01;31m[Koverride_msg[m[K.data = true;
      |     [01;31m[K^~~~~~~~~~~~[m[K
[01m[K/home/rohan/spherebot/src/remote_control_cpp/src/remote_control_node.cpp:157:5:[m[K [01;31m[Kerror: [m[Kâ€˜[01m[Kbool_override_pub_[m[Kâ€™ was not declared in this scope
  157 |     [01;31m[Kbool_override_pub_[m[K->publish(override_msg);
      |     [01;31m[K^~~~~~~~~~~~~~~~~~[m[K
gmake[2]: *** [CMakeFiles/remote_control_node.dir/build.make:76: CMakeFiles/remote_control_node.dir/src/remote_control_node.cpp.o] Error 1
gmake[1]: *** [CMakeFiles/Makefile2:137: CMakeFiles/remote_control_node.dir/all] Error 2
gmake: *** [Makefile:146: all] Error 2
