[0.021s] Invoking command in '/home/rohan/spherebot/build/remote_control_cpp': CMAKE_PREFIX_PATH=/home/rohan/spherebot/install/control_lib:/home/rohan/spherebot/install/i2c_lib:/home/rohan/spherebot/install/remote_control_cpp:/home/rohan/spherebot/install/motor_control:/home/rohan/spherebot/install/joystick_reader:/home/rohan/spherebot/install/gps_read_cpp:/home/rohan/spherebot/install/dfr_10_dof_pkg:/home/rohan/spherebot/install/autonomous_control_pid:/opt/ros/jazzy/opt/gz_math_vendor:/opt/ros/jazzy/opt/gz_utils_vendor:/opt/ros/jazzy/opt/gz_cmake_vendor:/home/rohan/spherebot/install/data_logger_pkg:/opt/ros/jazzy DEBUGINFOD_URLS=https://debuginfod.ubuntu.com /usr/bin/cmake --build /home/rohan/spherebot/build/remote_control_cpp -- -j4 -l4
[0.135s] [ 50%] [32mBuilding CXX object CMakeFiles/remote_control_node.dir/src/remote_control_node.cpp.o[0m
[4.252s] [01m[K/home/rohan/spherebot/src/remote_control_cpp/src/remote_control_node.cpp:[m[K In member function â€˜[01m[Kvoid RemoteControlNode::[01;32m[KtimerCallback[m[K()[m[Kâ€™:
[4.253s] [01m[K/home/rohan/spherebot/src/remote_control_cpp/src/remote_control_node.cpp:134:9:[m[K [01;31m[Kerror: [m[Kâ€˜[01m[Kalphadot_ref_[m[Kâ€™ was not declared in this scope; did you mean â€˜[01m[Kalphadot_meas_[m[Kâ€™?
[4.253s]   134 |         [01;31m[Kalphadot_ref_[m[K = 0.0;
[4.253s]       |         [01;31m[K^~~~~~~~~~~~~[m[K
[4.253s]       |         [32m[Kalphadot_meas_[m[K
[4.263s] [01m[K/home/rohan/spherebot/src/remote_control_cpp/src/remote_control_node.cpp:135:9:[m[K [01;31m[Kerror: [m[Kâ€˜[01m[Ku_ref_[m[Kâ€™ was not declared in this scope
[4.263s]   135 |         [01;31m[Ku_ref_[m[K = 0.0;
[4.263s]       |         [01;31m[K^~~~~~[m[K
[4.285s] [01m[K/home/rohan/spherebot/src/remote_control_cpp/src/remote_control_node.cpp:136:9:[m[K [01;31m[Kerror: [m[Kâ€˜[01m[KpublishJointTrajectory[m[Kâ€™ was not declared in this scope
[4.285s]   136 |         [01;31m[KpublishJointTrajectory[m[K(); // Command Motors
[4.285s]       |         [01;31m[K^~~~~~~~~~~~~~~~~~~~~~[m[K
[13.083s] gmake[2]: *** [CMakeFiles/remote_control_node.dir/build.make:76: CMakeFiles/remote_control_node.dir/src/remote_control_node.cpp.o] Error 1
[13.083s] gmake[1]: *** [CMakeFiles/Makefile2:137: CMakeFiles/remote_control_node.dir/all] Error 2
[13.083s] gmake: *** [Makefile:146: all] Error 2
[13.087s] Invoked command in '/home/rohan/spherebot/build/remote_control_cpp' returned '2': CMAKE_PREFIX_PATH=/home/rohan/spherebot/install/control_lib:/home/rohan/spherebot/install/i2c_lib:/home/rohan/spherebot/install/remote_control_cpp:/home/rohan/spherebot/install/motor_control:/home/rohan/spherebot/install/joystick_reader:/home/rohan/spherebot/install/gps_read_cpp:/home/rohan/spherebot/install/dfr_10_dof_pkg:/home/rohan/spherebot/install/autonomous_control_pid:/opt/ros/jazzy/opt/gz_math_vendor:/opt/ros/jazzy/opt/gz_utils_vendor:/opt/ros/jazzy/opt/gz_cmake_vendor:/home/rohan/spherebot/install/data_logger_pkg:/opt/ros/jazzy DEBUGINFOD_URLS=https://debuginfod.ubuntu.com /usr/bin/cmake --build /home/rohan/spherebot/build/remote_control_cpp -- -j4 -l4
