[01m[K/home/rohan/spherebot/src/dfr_10_dof_pkg/src/magnetometer_data_node.cpp:[m[K In member function â€˜[01m[Kvoid MagnetometerPublisher::[01;32m[Kpublish_data[m[K()[m[Kâ€™:
[01m[K/home/rohan/spherebot/src/dfr_10_dof_pkg/src/magnetometer_data_node.cpp:42:5:[m[K [01;31m[Kerror: [m[Kâ€˜[01m[KVector_t[m[Kâ€™ was not declared in this scope; did you mean â€˜[01m[KsVector_t[m[Kâ€™?
   42 |     [01;31m[KVector_t[m[K magData = magnetometer.readRaw();
      |     [01;31m[K^~~~~~~~[m[K
      |     [32m[KsVector_t[m[K
[01m[K/home/rohan/spherebot/src/dfr_10_dof_pkg/src/magnetometer_data_node.cpp:45:9:[m[K [01;31m[Kerror: [m[Kâ€˜[01m[KmagData[m[Kâ€™ was not declared in this scope
   45 |         [01;31m[KmagData[m[K.XAxis,
      |         [01;31m[K^~~~~~~[m[K
gmake[2]: *** [CMakeFiles/magneometer_node.dir/build.make:76: CMakeFiles/magneometer_node.dir/src/magnetometer_data_node.cpp.o] Error 1
gmake[1]: *** [CMakeFiles/Makefile2:167: CMakeFiles/magneometer_node.dir/all] Error 2
gmake: *** [Makefile:146: all] Error 2
