[01m[K/home/rohan/spherebot/src/remote_control_cpp/src/remote_control_node.cpp:[m[K In constructor â€˜[01m[KRemoteControlNode::[01;32m[KRemoteControlNode[m[K()[m[Kâ€™:
[01m[K/home/rohan/spherebot/src/remote_control_cpp/src/remote_control_node.cpp:52:5:[m[K [01;31m[Kerror: [m[Kâ€˜[01m[Ku_PID[m[Kâ€™ was not declared in this scope; did you mean â€˜[01m[Ku_PID_[m[Kâ€™?
   52 |     [01;31m[Ku_PID[m[K.setOutputLimits(-0.5, 0.5);
      |     [01;31m[K^~~~~[m[K
      |     [32m[Ku_PID_[m[K
In file included from [01m[K/opt/ros/jazzy/include/rclcpp/rclcpp/copy_all_parameter_values.hpp:27[m[K,
                 from [01m[K/opt/ros/jazzy/include/rclcpp/rclcpp/rclcpp.hpp:171[m[K,
                 from [01m[K/home/rohan/spherebot/src/remote_control_cpp/src/../include/remote_control_cpp/remote_control_node.hpp:8[m[K,
                 from [01m[K/home/rohan/spherebot/src/remote_control_cpp/src/remote_control_node.cpp:1[m[K:
[01m[K/home/rohan/spherebot/src/remote_control_cpp/src/remote_control_node.cpp:[m[K In member function â€˜[01m[Kvoid RemoteControlNode::[01;32m[KtimerCallback[m[K()[m[Kâ€™:
[01m[K/home/rohan/spherebot/src/remote_control_cpp/src/remote_control_node.cpp:183:5:[m[K [01;31m[Kerror: [m[Kexpected â€˜[01m[K;[m[Kâ€™ before â€˜[01m[Kdo[m[Kâ€™
  183 |     [01;31m[KRCLCPP_INFO[m[K(this->get_logger(), "(alpha (rad), u (mm)), (%.2f, %.2f)", u_alpha.first, u_alpha.second);
      |     [01;31m[K^~~~~~~~~~~[m[K
[01m[K/home/rohan/spherebot/src/remote_control_cpp/src/remote_control_node.cpp:185:23:[m[K [01;31m[Kerror: [m[Kâ€˜[01m[Ku_PID[m[Kâ€™ was not declared in this scope; did you mean â€˜[01m[Ku_PID_[m[Kâ€™?
  185 |     double u_output = [01;31m[Ku_PID[m[K.compute(u_alpha.second);
      |                       [01;31m[K^~~~~[m[K
      |                       [32m[Ku_PID_[m[K
In file included from [01m[K/opt/ros/jazzy/include/rclcpp/rclcpp/logging.hpp:24[m[K:
[01m[K/home/rohan/spherebot/src/remote_control_cpp/src/remote_control_node.cpp:186:37:[m[K [01;35m[Kwarning: [m[Ktoo many arguments for format [[01;35m[K]8;;https://gcc.gnu.org/onlinedocs/gcc/Warning-Options.html#index-Wformat-extra-args-Wformat-extra-args]8;;[m[K]
  186 |     RCLCPP_INFO(this->get_logger(), [01;35m[K"u_output:"[m[K, u_output);
      |                                     [01;35m[K^~~~~~~~~~~[m[K
[01m[K/home/rohan/spherebot/src/remote_control_cpp/src/remote_control_node.cpp:165:99:[m[K [01;36m[Knote: [m[Kparameter passing for argument of type â€˜[01m[Kstd::pair<float, float>[m[Kâ€™ when C++17 is enabled changed to match C++14 ]8;;https://gcc.gnu.org/gcc-10/changes.html#empty_basein GCC 10.1]8;;
  165 | r<float, float> jointVariableVelocity = computeJointVariables(alpha_dot_ref, u_dot_ref[01;36m[K)[m[K;
      |                                                                                       [01;36m[K^[m[K

gmake[2]: *** [CMakeFiles/remote_control_node.dir/build.make:76: CMakeFiles/remote_control_node.dir/src/remote_control_node.cpp.o] Error 1
gmake[1]: *** [CMakeFiles/Makefile2:137: CMakeFiles/remote_control_node.dir/all] Error 2
gmake: *** [Makefile:146: all] Error 2
