[01m[K/home/rohan/spherebot/src/motor_control/src/motor_control_node.cpp:[m[K In constructor â€˜[01m[KMotorControlNode::[01;32m[KMotorControlNode[m[K()[m[Kâ€™:
[01m[K/home/rohan/spherebot/src/motor_control/src/motor_control_node.cpp:32:5:[m[K [01;31m[Kerror: [m[Kâ€˜[01m[Kstate_sub[m[Kâ€™ was not declared in this scope; did you mean â€˜[01m[Kstate_sub_[m[Kâ€™?
   32 |     [01;31m[Kstate_sub[m[K = this->create_subscription<std_msgs::msg::Int8>(
      |     [01;31m[K^~~~~~~~~[m[K
      |     [32m[Kstate_sub_[m[K
[01m[K/home/rohan/spherebot/src/motor_control/src/motor_control_node.cpp:[m[K In member function â€˜[01m[Kvoid MotorControlNode::[01;32m[KjointTrajectoryCallback[m[K(trajectory_msgs::msg::JointTrajectory_<std::allocator<void> >::SharedPtr)[m[Kâ€™:
[01m[K/home/rohan/spherebot/src/motor_control/src/motor_control_node.cpp:96:39:[m[K [01;31m[Kerror: [m[Kâ€˜[01m[KK_u_d_[m[Kâ€™ was not declared in this scope
   96 |         u_PID_.setGains(Kp_u_, Ki_u_, [01;31m[KK_u_d_[m[K);
      |                                       [01;31m[K^~~~~~[m[K
[01m[K/home/rohan/spherebot/src/motor_control/src/motor_control_node.cpp:[m[K In member function â€˜[01m[Kvoid MotorControlNode::[01;32m[KcontrolLoop[m[K()[m[Kâ€™:
[01m[K/home/rohan/spherebot/src/motor_control/src/motor_control_node.cpp:189:1:[m[K [01;31m[Kerror: [m[Ka function-definition is not allowed here before â€˜[01m[K{[m[Kâ€™ token
  189 | [01;31m[K{[m[K
      | [01;31m[K^[m[K
[01m[K/home/rohan/spherebot/src/motor_control/src/motor_control_node.cpp:194:2:[m[K [01;31m[Kerror: [m[Kexpected â€˜[01m[K}[m[Kâ€™ at end of input
  194 | }
      |  [01;31m[K^[m[K
[01m[K/home/rohan/spherebot/src/motor_control/src/motor_control_node.cpp:127:1:[m[K [01;36m[Knote: [m[Kto match this â€˜[01m[K{[m[Kâ€™
  127 | [01;36m[K{[m[K
      | [01;36m[K^[m[K
[01m[K/home/rohan/spherebot/src/motor_control/src/motor_control_node.cpp:129:99:[m[K [01;36m[Knote: [m[Kparameter passing for argument of type â€˜[01m[Kstd::pair<float, float>[m[Kâ€™ when C++17 is enabled changed to match C++14 ]8;;https://gcc.gnu.org/gcc-10/changes.html#empty_basein GCC 10.1]8;;
  129 |     std::pair<float, float> jointVariableVelocity = computeJointVariables(alphadot_ref_, udot_ref_[01;36m[K)[m[K;
      |                                                                                                   [01;36m[K^[m[K
gmake[2]: *** [CMakeFiles/motor_control_node.dir/build.make:76: CMakeFiles/motor_control_node.dir/src/motor_control_node.cpp.o] Error 1
gmake[1]: *** [CMakeFiles/Makefile2:137: CMakeFiles/motor_control_node.dir/all] Error 2
gmake: *** [Makefile:146: all] Error 2
