-- Found ament_cmake: 2.5.2 (/opt/ros/jazzy/share/ament_cmake/cmake)
-- Found rclcpp: 28.1.3 (/opt/ros/jazzy/share/rclcpp/cmake)
-- Found rosidl_generator_c: 4.6.3 (/opt/ros/jazzy/share/rosidl_generator_c/cmake)
-- Found rosidl_generator_cpp: 4.6.3 (/opt/ros/jazzy/share/rosidl_generator_cpp/cmake)
-- Using all available rosidl_typesupport_c: rosidl_typesupport_fastrtps_c;rosidl_typesupport_introspection_c
-- Using all available rosidl_typesupport_cpp: rosidl_typesupport_fastrtps_cpp;rosidl_typesupport_introspection_cpp
-- Found rmw_implementation_cmake: 7.3.1 (/opt/ros/jazzy/share/rmw_implementation_cmake/cmake)
-- Found rmw_fastrtps_cpp: 8.4.1 (/opt/ros/jazzy/share/rmw_fastrtps_cpp/cmake)
-- Using RMW implementation 'rmw_fastrtps_cpp' as default
-- Found i2c_lib: 0.0.1 (/home/rohan/spherebot/install/i2c_lib/share/i2c_lib/cmake)
-- Found control_lib: 0.0.0 (/home/rohan/spherebot/install/control_lib/share/control_lib/cmake)
-- Found trajectory_msgs: 5.3.5 (/opt/ros/jazzy/share/trajectory_msgs/cmake)
-- Found control_msgs: 5.2.0 (/opt/ros/jazzy/share/control_msgs/cmake)
-- Configuring done (1.4s)
-- Generating done (0.0s)
-- Build files have been written to: /home/rohan/spherebot/build/motor_control
[ 66%] [32mBuilding CXX object CMakeFiles/motor_control_node.dir/src/motor_control_node.cpp.o[0m
[ 66%] [32mBuilding CXX object CMakeFiles/motor_control_node.dir/src/motorControl.cpp.o[0m
[01m[K/home/rohan/spherebot/src/motor_control/src/motorControl.cpp:[m[K In member function â€˜[01m[Kstd::pair<float, float> MotorControl::[01;32m[Kget_u_alpha[m[K()[m[Kâ€™:
[01m[K/home/rohan/spherebot/src/motor_control/src/motorControl.cpp:44:51:[m[K [01;36m[Knote: [m[Kparameter passing for argument of type â€˜[01m[Kstd::pair<float, float>[m[Kâ€™ when C++17 is enabled changed to match C++14 ]8;;https://gcc.gnu.org/gcc-10/changes.html#empty_basein GCC 10.1]8;;
   44 | std::pair<float, float> MotorControl::get_u_alpha([01;36m[K)[m[K {
      |                                                   [01;36m[K^[m[K
In file included from [01m[K/home/rohan/spherebot/src/motor_control/src/motor_control_node.cpp:1[m[K:
[01m[K/home/rohan/spherebot/src/motor_control/src/../include/motor_control/motor_control_node.hpp:24:68:[m[K [01;31m[Kerror: [m[Kexpected â€˜[01m[K;[m[Kâ€™ at end of member declaration
   24 |     void uOverrideCallback(const std_msgs::msg::Bool::SharedPtr msg[01;31m[K)[m[K
      |                                                                    [01;31m[K^[m[K
      |                                                                     [32m[K;[m[K
[01m[K/home/rohan/spherebot/src/motor_control/src/motor_control_node.cpp:[m[K In function â€˜[01m[Kvoid[01;32m[K uOverrideCallback[m[K(std_msgs::msg::Bool_<std::allocator<void> >::SharedPtr)[m[Kâ€™:
[01m[K/home/rohan/spherebot/src/motor_control/src/motor_control_node.cpp:50:5:[m[K [01;31m[Kerror: [m[Kâ€˜[01m[Ku_override_[m[Kâ€™ was not declared in this scope
   50 |     [01;31m[Ku_override_[m[K = msg->data;
      |     [01;31m[K^~~~~~~~~~~[m[K
[01m[K/home/rohan/spherebot/src/motor_control/src/motor_control_node.cpp:[m[K In member function â€˜[01m[Kvoid MotorControlNode::[01;32m[KcontrolLoop[m[K()[m[Kâ€™:
[01m[K/home/rohan/spherebot/src/motor_control/src/motor_control_node.cpp:89:99:[m[K [01;36m[Knote: [m[Kparameter passing for argument of type â€˜[01m[Kstd::pair<float, float>[m[Kâ€™ when C++17 is enabled changed to match C++14 ]8;;https://gcc.gnu.org/gcc-10/changes.html#empty_basein GCC 10.1]8;;
   89 |     std::pair<float, float> jointVariableVelocity = computeJointVariables(alphadot_ref_, udot_ref_[01;36m[K)[m[K;
      |                                                                                                   [01;36m[K^[m[K
gmake[2]: *** [CMakeFiles/motor_control_node.dir/build.make:76: CMakeFiles/motor_control_node.dir/src/motor_control_node.cpp.o] Error 1
gmake[1]: *** [CMakeFiles/Makefile2:137: CMakeFiles/motor_control_node.dir/all] Error 2
gmake: *** [Makefile:146: all] Error 2
