[0.034s] Invoking command in '/home/rohan/spherebot/build/motor_control': AMENT_PREFIX_PATH=/home/rohan/spherebot/install/control_lib:/home/rohan/spherebot/install/i2c_lib:${AMENT_PREFIX_PATH} CMAKE_PREFIX_PATH=/home/rohan/spherebot/install/control_lib:/home/rohan/spherebot/install/i2c_lib:/opt/ros/jazzy/opt/gz_math_vendor:/opt/ros/jazzy/opt/gz_utils_vendor:/opt/ros/jazzy/opt/gz_cmake_vendor:/opt/ros/jazzy DEBUGINFOD_URLS=https://debuginfod.ubuntu.com LD_LIBRARY_PATH=/home/rohan/spherebot/install/control_lib/lib:/home/rohan/spherebot/install/i2c_lib/lib:${LD_LIBRARY_PATH} /usr/bin/cmake --build /home/rohan/spherebot/build/motor_control -- -j4 -l4
[0.272s] -- Found ament_cmake: 2.5.2 (/opt/ros/jazzy/share/ament_cmake/cmake)
[0.654s] -- Found rclcpp: 28.1.3 (/opt/ros/jazzy/share/rclcpp/cmake)
[0.722s] -- Found rosidl_generator_c: 4.6.3 (/opt/ros/jazzy/share/rosidl_generator_c/cmake)
[0.743s] -- Found rosidl_generator_cpp: 4.6.3 (/opt/ros/jazzy/share/rosidl_generator_cpp/cmake)
[0.771s] -- Using all available rosidl_typesupport_c: rosidl_typesupport_fastrtps_c;rosidl_typesupport_introspection_c
[0.801s] -- Using all available rosidl_typesupport_cpp: rosidl_typesupport_fastrtps_cpp;rosidl_typesupport_introspection_cpp
[0.930s] -- Found rmw_implementation_cmake: 7.3.1 (/opt/ros/jazzy/share/rmw_implementation_cmake/cmake)
[0.935s] -- Found rmw_fastrtps_cpp: 8.4.1 (/opt/ros/jazzy/share/rmw_fastrtps_cpp/cmake)
[1.075s] -- Using RMW implementation 'rmw_fastrtps_cpp' as default
[1.201s] -- Found i2c_lib: 0.0.1 (/home/rohan/spherebot/install/i2c_lib/share/i2c_lib/cmake)
[1.207s] -- Found control_lib: 0.0.0 (/home/rohan/spherebot/install/control_lib/share/control_lib/cmake)
[1.210s] -- Found trajectory_msgs: 5.3.5 (/opt/ros/jazzy/share/trajectory_msgs/cmake)
[1.317s] -- Found control_msgs: 5.2.0 (/opt/ros/jazzy/share/control_msgs/cmake)
[1.640s] -- Configuring done (1.4s)
[1.699s] -- Generating done (0.0s)
[1.710s] -- Build files have been written to: /home/rohan/spherebot/build/motor_control
[1.876s] [ 66%] [32mBuilding CXX object CMakeFiles/motor_control_node.dir/src/motor_control_node.cpp.o[0m
[1.876s] [ 66%] [32mBuilding CXX object CMakeFiles/motor_control_node.dir/src/motorControl.cpp.o[0m
[3.413s] [01m[K/home/rohan/spherebot/src/motor_control/src/motorControl.cpp:[m[K In member function â€˜[01m[Kstd::pair<float, float> MotorControl::[01;32m[Kget_u_alpha[m[K()[m[Kâ€™:
[3.413s] [01m[K/home/rohan/spherebot/src/motor_control/src/motorControl.cpp:44:51:[m[K [01;36m[Knote: [m[Kparameter passing for argument of type â€˜[01m[Kstd::pair<float, float>[m[Kâ€™ when C++17 is enabled changed to match C++14 ]8;;https://gcc.gnu.org/gcc-10/changes.html#empty_basein GCC 10.1]8;;
[3.413s]    44 | std::pair<float, float> MotorControl::get_u_alpha([01;36m[K)[m[K {
[3.413s]       |                                                   [01;36m[K^[m[K
[6.834s] In file included from [01m[K/home/rohan/spherebot/src/motor_control/src/motor_control_node.cpp:1[m[K:
[6.834s] [01m[K/home/rohan/spherebot/src/motor_control/src/../include/motor_control/motor_control_node.hpp:24:68:[m[K [01;31m[Kerror: [m[Kexpected â€˜[01m[K;[m[Kâ€™ at end of member declaration
[6.834s]    24 |     void uOverrideCallback(const std_msgs::msg::Bool::SharedPtr msg[01;31m[K)[m[K
[6.834s]       |                                                                    [01;31m[K^[m[K
[6.834s]       |                                                                     [32m[K;[m[K
[7.001s] [01m[K/home/rohan/spherebot/src/motor_control/src/motor_control_node.cpp:[m[K In function â€˜[01m[Kvoid[01;32m[K uOverrideCallback[m[K(std_msgs::msg::Bool_<std::allocator<void> >::SharedPtr)[m[Kâ€™:
[7.002s] [01m[K/home/rohan/spherebot/src/motor_control/src/motor_control_node.cpp:50:5:[m[K [01;31m[Kerror: [m[Kâ€˜[01m[Ku_override_[m[Kâ€™ was not declared in this scope
[7.002s]    50 |     [01;31m[Ku_override_[m[K = msg->data;
[7.002s]       |     [01;31m[K^~~~~~~~~~~[m[K
[12.471s] [01m[K/home/rohan/spherebot/src/motor_control/src/motor_control_node.cpp:[m[K In member function â€˜[01m[Kvoid MotorControlNode::[01;32m[KcontrolLoop[m[K()[m[Kâ€™:
[12.471s] [01m[K/home/rohan/spherebot/src/motor_control/src/motor_control_node.cpp:89:99:[m[K [01;36m[Knote: [m[Kparameter passing for argument of type â€˜[01m[Kstd::pair<float, float>[m[Kâ€™ when C++17 is enabled changed to match C++14 ]8;;https://gcc.gnu.org/gcc-10/changes.html#empty_basein GCC 10.1]8;;
[12.471s]    89 |     std::pair<float, float> jointVariableVelocity = computeJointVariables(alphadot_ref_, udot_ref_[01;36m[K)[m[K;
[12.472s]       |                                                                                                   [01;36m[K^[m[K
[12.546s] gmake[2]: *** [CMakeFiles/motor_control_node.dir/build.make:76: CMakeFiles/motor_control_node.dir/src/motor_control_node.cpp.o] Error 1
[12.546s] gmake[1]: *** [CMakeFiles/Makefile2:137: CMakeFiles/motor_control_node.dir/all] Error 2
[12.547s] gmake: *** [Makefile:146: all] Error 2
[12.550s] Invoked command in '/home/rohan/spherebot/build/motor_control' returned '2': AMENT_PREFIX_PATH=/home/rohan/spherebot/install/control_lib:/home/rohan/spherebot/install/i2c_lib:${AMENT_PREFIX_PATH} CMAKE_PREFIX_PATH=/home/rohan/spherebot/install/control_lib:/home/rohan/spherebot/install/i2c_lib:/opt/ros/jazzy/opt/gz_math_vendor:/opt/ros/jazzy/opt/gz_utils_vendor:/opt/ros/jazzy/opt/gz_cmake_vendor:/opt/ros/jazzy DEBUGINFOD_URLS=https://debuginfod.ubuntu.com LD_LIBRARY_PATH=/home/rohan/spherebot/install/control_lib/lib:/home/rohan/spherebot/install/i2c_lib/lib:${LD_LIBRARY_PATH} /usr/bin/cmake --build /home/rohan/spherebot/build/motor_control -- -j4 -l4
