[0.024s] Invoking command in '/home/rohan/spherebot/build/remote_control_cpp': AMENT_PREFIX_PATH=/home/rohan/spherebot/install/control_lib:/home/rohan/spherebot/install/i2c_lib:${AMENT_PREFIX_PATH} CMAKE_PREFIX_PATH=/home/rohan/spherebot/install/control_lib:/home/rohan/spherebot/install/i2c_lib:/opt/ros/jazzy/opt/gz_math_vendor:/opt/ros/jazzy/opt/gz_utils_vendor:/opt/ros/jazzy/opt/gz_cmake_vendor:/opt/ros/jazzy DEBUGINFOD_URLS=https://debuginfod.ubuntu.com LD_LIBRARY_PATH=/home/rohan/spherebot/install/control_lib/lib:/home/rohan/spherebot/install/i2c_lib/lib:${LD_LIBRARY_PATH} /usr/bin/cmake --build /home/rohan/spherebot/build/remote_control_cpp -- -j4 -l4
[0.074s] -- Found ament_cmake: 2.5.2 (/opt/ros/jazzy/share/ament_cmake/cmake)
[0.418s] -- Found rclcpp: 28.1.3 (/opt/ros/jazzy/share/rclcpp/cmake)
[0.497s] -- Found rosidl_generator_c: 4.6.3 (/opt/ros/jazzy/share/rosidl_generator_c/cmake)
[0.519s] -- Found rosidl_generator_cpp: 4.6.3 (/opt/ros/jazzy/share/rosidl_generator_cpp/cmake)
[0.535s] -- Using all available rosidl_typesupport_c: rosidl_typesupport_fastrtps_c;rosidl_typesupport_introspection_c
[0.554s] -- Using all available rosidl_typesupport_cpp: rosidl_typesupport_fastrtps_cpp;rosidl_typesupport_introspection_cpp
[0.660s] -- Found rmw_implementation_cmake: 7.3.1 (/opt/ros/jazzy/share/rmw_implementation_cmake/cmake)
[0.665s] -- Found rmw_fastrtps_cpp: 8.4.1 (/opt/ros/jazzy/share/rmw_fastrtps_cpp/cmake)
[0.788s] -- Using RMW implementation 'rmw_fastrtps_cpp' as default
[0.871s] -- Found sensor_msgs: 5.3.5 (/opt/ros/jazzy/share/sensor_msgs/cmake)
[0.998s] -- Found i2c_lib: 0.0.1 (/home/rohan/spherebot/install/i2c_lib/share/i2c_lib/cmake)
[1.003s] -- Found control_lib: 0.0.0 (/home/rohan/spherebot/install/control_lib/share/control_lib/cmake)
[1.007s] -- Found trajectory_msgs: 5.3.5 (/opt/ros/jazzy/share/trajectory_msgs/cmake)
[1.035s] -- Found control_msgs: 5.2.0 (/opt/ros/jazzy/share/control_msgs/cmake)
[1.345s] -- Configuring done (1.3s)
[1.390s] -- Generating done (0.0s)
[1.402s] -- Build files have been written to: /home/rohan/spherebot/build/remote_control_cpp
[1.541s] [ 50%] [32mBuilding CXX object CMakeFiles/remote_control_node.dir/src/remote_control_node.cpp.o[0m
[6.954s] [01m[K/home/rohan/spherebot/src/remote_control_cpp/src/remote_control_node.cpp:[m[K In constructor â€˜[01m[KRemoteControlNode::[01;32m[KRemoteControlNode[m[K()[m[Kâ€™:
[6.954s] [01m[K/home/rohan/spherebot/src/remote_control_cpp/src/remote_control_node.cpp:12:1:[m[K [01;31m[Kerror: [m[Kexpected identifier before â€˜[01m[K{[m[Kâ€™ token
[6.954s]    12 | [01;31m[K{[m[K
[6.954s]       | [01;31m[K^[m[K
[6.965s] [01m[K/home/rohan/spherebot/src/remote_control_cpp/src/remote_control_node.cpp:14:5:[m[K [01;31m[Kerror: [m[Kâ€˜[01m[Kmotor[m[Kâ€™ was not declared in this scope
[6.966s]    14 |     [01;31m[Kmotor[m[K.init();
[6.966s]       |     [01;31m[K^~~~~[m[K
[7.038s] [01m[K/home/rohan/spherebot/src/remote_control_cpp/src/remote_control_node.cpp:42:5:[m[K [01;31m[Kerror: [m[Kâ€˜[01m[Kjoint_trajectory_pub_[m[Kâ€™ was not declared in this scope
[7.038s]    42 |     [01;31m[Kjoint_trajectory_pub_[m[K = this->create_publisher<trajectory_msgs::msg::JointTrajectory>(
[7.038s]       |     [01;31m[K^~~~~~~~~~~~~~~~~~~~~[m[K
[7.038s] [01m[K/home/rohan/spherebot/src/remote_control_cpp/src/remote_control_node.cpp:45:5:[m[K [01;31m[Kerror: [m[Kexpected primary-expression before â€˜[01m[K)[m[Kâ€™ token
[7.039s]    45 |     [01;31m[K)[m[K;
[7.039s]       |     [01;31m[K^[m[K
[7.088s] [01m[K/home/rohan/spherebot/src/remote_control_cpp/src/remote_control_node.cpp:[m[K In member function â€˜[01m[Kvoid RemoteControlNode::[01;32m[KgpsCallback[m[K(sensor_msgs::msg::NavSatFix_<std::allocator<void> >::SharedPtr)[m[Kâ€™:
[7.088s] [01m[K/home/rohan/spherebot/src/remote_control_cpp/src/remote_control_node.cpp:97:5:[m[K [01;31m[Kerror: [m[Kâ€˜[01m[K_lat[m[Kâ€™ was not declared in this scope
[7.088s]    97 |     [01;31m[K_lat[m[K = msg->latitude;
[7.088s]       |     [01;31m[K^~~~[m[K
[7.098s] [01m[K/home/rohan/spherebot/src/remote_control_cpp/src/remote_control_node.cpp:98:5:[m[K [01;31m[Kerror: [m[Kâ€˜[01m[K_long[m[Kâ€™ was not declared in this scope; did you mean â€˜[01m[Kulong[m[Kâ€™?
[7.098s]    98 |     [01;31m[K_long[m[K = msg->longitude;
[7.098s]       |     [01;31m[K^~~~~[m[K
[7.098s]       |     [32m[Kulong[m[K
[7.108s] [01m[K/home/rohan/spherebot/src/remote_control_cpp/src/remote_control_node.cpp:99:5:[m[K [01;31m[Kerror: [m[Kâ€˜[01m[K_alt[m[Kâ€™ was not declared in this scope
[7.108s]    99 |     [01;31m[K_alt[m[K = msg->altitude;
[7.108s]       |     [01;31m[K^~~~[m[K
[7.121s] [01m[K/home/rohan/spherebot/src/remote_control_cpp/src/remote_control_node.cpp:102:5:[m[K [01;31m[Kerror: [m[Kâ€˜[01m[K_gps_fix[m[Kâ€™ was not declared in this scope
[7.121s]   102 |     [01;31m[K_gps_fix[m[K = (msg->status.status == sensor_msgs::msg::NavSatStatus::STATUS_FIX);
[7.121s]       |     [01;31m[K^~~~~~~~[m[K
[14.816s] gmake[2]: *** [CMakeFiles/remote_control_node.dir/build.make:76: CMakeFiles/remote_control_node.dir/src/remote_control_node.cpp.o] Error 1
[14.817s] gmake[1]: *** [CMakeFiles/Makefile2:137: CMakeFiles/remote_control_node.dir/all] Error 2
[14.817s] gmake: *** [Makefile:146: all] Error 2
[14.820s] Invoked command in '/home/rohan/spherebot/build/remote_control_cpp' returned '2': AMENT_PREFIX_PATH=/home/rohan/spherebot/install/control_lib:/home/rohan/spherebot/install/i2c_lib:${AMENT_PREFIX_PATH} CMAKE_PREFIX_PATH=/home/rohan/spherebot/install/control_lib:/home/rohan/spherebot/install/i2c_lib:/opt/ros/jazzy/opt/gz_math_vendor:/opt/ros/jazzy/opt/gz_utils_vendor:/opt/ros/jazzy/opt/gz_cmake_vendor:/opt/ros/jazzy DEBUGINFOD_URLS=https://debuginfod.ubuntu.com LD_LIBRARY_PATH=/home/rohan/spherebot/install/control_lib/lib:/home/rohan/spherebot/install/i2c_lib/lib:${LD_LIBRARY_PATH} /usr/bin/cmake --build /home/rohan/spherebot/build/remote_control_cpp -- -j4 -l4
