[01m[K/home/rohan/spherebot/src/motor_control/src/motorControl.cpp:[m[K In member function â€˜[01m[Kstd::pair<float, float> MotorControl::[01;32m[Kget_u_alpha[m[K()[m[Kâ€™:
[01m[K/home/rohan/spherebot/src/motor_control/src/motorControl.cpp:44:51:[m[K [01;36m[Knote: [m[Kparameter passing for argument of type â€˜[01m[Kstd::pair<float, float>[m[Kâ€™ when C++17 is enabled changed to match C++14 ]8;;https://gcc.gnu.org/gcc-10/changes.html#empty_basein GCC 10.1]8;;
   44 | std::pair<float, float> MotorControl::get_u_alpha([01;36m[K)[m[K {
      |                                                   [01;36m[K^[m[K
In file included from [01m[K/home/rohan/spherebot/src/motor_control/src/motor_control_node.cpp:1[m[K:
[01m[K/home/rohan/spherebot/src/motor_control/src/../include/motor_control/motor_control_node.hpp:30:45:[m[K [01;31m[Kerror: [m[Kâ€˜[01m[KInt8[m[Kâ€™ in namespace â€˜[01m[Kstd_msgs::msg[m[Kâ€™ does not name a type
   30 |     void stateCallback(const std_msgs::msg::[01;31m[KInt8[m[K::SharedPtr msg);
      |                                             [01;31m[K^~~~[m[K
[01m[K/home/rohan/spherebot/src/motor_control/src/../include/motor_control/motor_control_node.hpp:30:61:[m[K [01;31m[Kerror: [m[Kexpected unqualified-id before â€˜[01m[Kmsg[m[Kâ€™
   30 |     void stateCallback(const std_msgs::msg::Int8::SharedPtr [01;31m[Kmsg[m[K);
      |                                                             [01;31m[K^~~[m[K
[01m[K/home/rohan/spherebot/src/motor_control/src/../include/motor_control/motor_control_node.hpp:30:60:[m[K [01;31m[Kerror: [m[Kexpected â€˜[01m[K)[m[Kâ€™ before â€˜[01m[Kmsg[m[Kâ€™
   30 |     void stateCallback[34m[K([m[Kconst std_msgs::msg::Int8::SharedPtr[01;31m[K [m[K[32m[Kmsg[m[K);
      |                       [34m[K~[m[K                                    [01;31m[K^[m[K[32m[K~~~[m[K
      |                                                            [32m[K)[m[K
[01m[K/home/rohan/spherebot/src/motor_control/src/../include/motor_control/motor_control_node.hpp:30:51:[m[K [01;31m[Kerror: [m[Kexpected â€˜[01m[K;[m[Kâ€™ at end of member declaration
   30 |     void stateCallback(const std_msgs::msg::Int8::[01;31m[KSharedPtr[m[K msg);
      |                                                   [01;31m[K^~~~~~~~~[m[K
      |                                                            [32m[K;[m[K
[01m[K/home/rohan/spherebot/src/motor_control/src/../include/motor_control/motor_control_node.hpp:30:61:[m[K [01;31m[Kerror: [m[Kâ€˜[01m[Kmsg[m[Kâ€™ does not name a type
   30 |     void stateCallback(const std_msgs::msg::Int8::SharedPtr [01;31m[Kmsg[m[K);
      |                                                             [01;31m[K^~~[m[K
[01m[K/home/rohan/spherebot/src/motor_control/src/../include/motor_control/motor_control_node.hpp:53:41:[m[K [01;31m[Kerror: [m[Kâ€˜[01m[KInt8[m[Kâ€™ is not a member of â€˜[01m[Kstd_msgs::msg[m[Kâ€™
   53 |     rclcpp::Subscription<std_msgs::msg::[01;31m[KInt8[m[K>::SharedPtr state_; // for motor control state
      |                                         [01;31m[K^~~~[m[K
[01m[K/home/rohan/spherebot/src/motor_control/src/../include/motor_control/motor_control_node.hpp:53:45:[m[K [01;31m[Kerror: [m[Ktemplate argument 1 is invalid
   53 |     rclcpp::Subscription<std_msgs::msg::Int8[01;31m[K>[m[K::SharedPtr state_; // for motor control state
      |                                             [01;31m[K^[m[K
[01m[K/home/rohan/spherebot/src/motor_control/src/../include/motor_control/motor_control_node.hpp:53:45:[m[K [01;31m[Kerror: [m[Ktemplate argument 3 is invalid
[01m[K/home/rohan/spherebot/src/motor_control/src/../include/motor_control/motor_control_node.hpp:53:45:[m[K [01;31m[Kerror: [m[Ktemplate argument 4 is invalid
[01m[K/home/rohan/spherebot/src/motor_control/src/../include/motor_control/motor_control_node.hpp:53:45:[m[K [01;31m[Kerror: [m[Ktemplate argument 5 is invalid
[01m[K/home/rohan/spherebot/src/motor_control/src/../include/motor_control/motor_control_node.hpp:53:48:[m[K [01;31m[Kerror: [m[Kexpected â€˜[01m[K;[m[Kâ€™ at end of member declaration
   53 |     rclcpp::Subscription<std_msgs::msg::Int8>::[01;31m[KSharedPtr[m[K state_; // for motor control state
      |                                                [01;31m[K^~~~~~~~~[m[K
      |                                                         [32m[K;[m[K
[01m[K/home/rohan/spherebot/src/motor_control/src/../include/motor_control/motor_control_node.hpp:53:58:[m[K [01;31m[Kerror: [m[Kâ€˜[01m[Kstate_[m[Kâ€™ does not name a type; did you mean â€˜[01m[KState[m[Kâ€™?
   53 |     rclcpp::Subscription<std_msgs::msg::Int8>::SharedPtr [01;31m[Kstate_[m[K; // for motor control state
      |                                                          [01;31m[K^~~~~~[m[K
      |                                                          [32m[KState[m[K
[01m[K/home/rohan/spherebot/src/motor_control/src/../include/motor_control/motor_control_node.hpp:64:22:[m[K [01;31m[Kerror: [m[Kâ€˜[01m[Kphidot_ref_[m[Kâ€™ does not name a type
   64 |     double phi_ref_; [01;31m[Kphidot_ref_[m[K;
      |                      [01;31m[K^~~~~~~~~~~[m[K
[01m[K/home/rohan/spherebot/src/motor_control/src/motor_control_node.cpp:[m[K In constructor â€˜[01m[KMotorControlNode::[01;32m[KMotorControlNode[m[K()[m[Kâ€™:
[01m[K/home/rohan/spherebot/src/motor_control/src/motor_control_node.cpp:11:3:[m[K [01;31m[Kerror: [m[Kclass â€˜[01m[KMotorControlNode[m[Kâ€™ does not have any field named â€˜[01m[Kphidot_ref_[m[Kâ€™
   11 |   [01;31m[Kphidot_ref_[m[K(0.0),
      |   [01;31m[K^~~~~~~~~~~[m[K
[01m[K/home/rohan/spherebot/src/motor_control/src/motor_control_node.cpp:32:5:[m[K [01;31m[Kerror: [m[Kâ€˜[01m[Kstate_sub[m[Kâ€™ was not declared in this scope
   32 |     [01;31m[Kstate_sub[m[K = this->create_subscription<std_msgs::msg::Int8>(
      |     [01;31m[K^~~~~~~~~[m[K
[01m[K/home/rohan/spherebot/src/motor_control/src/motor_control_node.cpp:32:58:[m[K [01;31m[Kerror: [m[Kâ€˜[01m[KInt8[m[Kâ€™ is not a member of â€˜[01m[Kstd_msgs::msg[m[Kâ€™
   32 |     state_sub = this->create_subscription<std_msgs::msg::[01;31m[KInt8[m[K>(
      |                                                          [01;31m[K^~~~[m[K
[01m[K/home/rohan/spherebot/src/motor_control/src/motor_control_node.cpp:32:63:[m[K [01;31m[Kerror: [m[Kno matching function for call to â€˜[01m[KMotorControlNode::create_subscription<<expression error> >(const char [26], int, std::_Bind_helper<false, void (MotorControlNode::*)(...), MotorControlNode*, const std::_Placeholder<1>&>::type)[m[Kâ€™
   32 |     state_sub = [01;31m[Kthis->create_subscription<std_msgs::msg::Int8>([m[K
      |                 [01;31m[K~~~~~~~~~~~~~~~~~~~~~~~~~~~~~~~~~~~~~~~~~~~~~~^[m[K
   33 | [01;31m[K        "motor/motor_control_state", 5,[m[K
      |         [01;31m[K~~~~~~~~~~~~~~~~~~~~~~~~~~~~~~~[m[K                        
   34 | [01;31m[K        std::bind(&MotorControlNode::stateCallback, this, std::placeholders::_1))[m[K;
      |         [01;31m[K~~~~~~~~~~~~~~~~~~~~~~~~~~~~~~~~~~~~~~~~~~~~~~~~~~~~~~~~~~~~~~~~~~~~~~~~~[m[K
In file included from [01m[K/opt/ros/jazzy/include/rclcpp/rclcpp/node.hpp:1663[m[K,
                 from [01m[K/opt/ros/jazzy/include/rclcpp/rclcpp/executors/single_threaded_executor.hpp:28[m[K,
                 from [01m[K/opt/ros/jazzy/include/rclcpp/rclcpp/executors.hpp:22[m[K,
                 from [01m[K/opt/ros/jazzy/include/rclcpp/rclcpp/rclcpp.hpp:172[m[K,
                 from [01m[K/home/rohan/spherebot/src/motor_control/src/../include/motor_control/motor_control_node.hpp:4[m[K:
[01m[K/opt/ros/jazzy/include/rclcpp/rclcpp/node_impl.hpp:92:1:[m[K [01;36m[Knote: [m[Kcandidate: â€˜[01m[Ktemplate<class MessageT, class CallbackT, class AllocatorT, class SubscriptionT, class MessageMemoryStrategyT> std::shared_ptr<ROSMessageT> rclcpp::Node::[01;32m[Kcreate_subscription[m[K(const std::string&, const rclcpp::QoS&, CallbackT&&, const rclcpp::SubscriptionOptionsWithAllocator<AllocatorT>&, typename MessageMemoryStrategyT::SharedPtr)[m[Kâ€™
   92 | [01;36m[KNode[m[K::create_subscription(
      | [01;36m[K^~~~[m[K
[01m[K/opt/ros/jazzy/include/rclcpp/rclcpp/node_impl.hpp:92:1:[m[K [01;36m[Knote: [m[K  template argument deduction/substitution failed:
[01m[K/home/rohan/spherebot/src/motor_control/src/motor_control_node.cpp:32:63:[m[K [01;31m[Kerror: [m[Ktemplate argument 1 is invalid
   32 |     state_sub = [01;31m[Kthis->create_subscription<std_msgs::msg::Int8>([m[K
      |                 [01;31m[K~~~~~~~~~~~~~~~~~~~~~~~~~~~~~~~~~~~~~~~~~~~~~~^[m[K
   33 | [01;31m[K        "motor/motor_control_state", 5,[m[K
      |         [01;31m[K~~~~~~~~~~~~~~~~~~~~~~~~~~~~~~~[m[K                        
   34 | [01;31m[K        std::bind(&MotorControlNode::stateCallback, this, std::placeholders::_1))[m[K;
      |         [01;31m[K~~~~~~~~~~~~~~~~~~~~~~~~~~~~~~~~~~~~~~~~~~~~~~~~~~~~~~~~~~~~~~~~~~~~~~~~~[m[K
[01m[K/home/rohan/spherebot/src/motor_control/src/motor_control_node.cpp:[m[K In member function â€˜[01m[Kvoid MotorControlNode::[01;32m[KimuCallback[m[K(sensor_msgs::msg::Imu_<std::allocator<void> >::SharedPtr)[m[Kâ€™:
[01m[K/home/rohan/spherebot/src/motor_control/src/motor_control_node.cpp:60:5:[m[K [01;31m[Kerror: [m[Kâ€˜[01m[Kax[m[Kâ€™ was not declared in this scope
   60 |     [01;31m[Kax[m[K = msg->linear_acceleration.x;
      |     [01;31m[K^~[m[K
[01m[K/home/rohan/spherebot/src/motor_control/src/motor_control_node.cpp:61:5:[m[K [01;31m[Kerror: [m[Kâ€˜[01m[Kaz[m[Kâ€™ was not declared in this scope
   61 |     [01;31m[Kaz[m[K = msg->linear_acceleration.z;
      |     [01;31m[K^~[m[K
[01m[K/home/rohan/spherebot/src/motor_control/src/motor_control_node.cpp:[m[K At global scope:
[01m[K/home/rohan/spherebot/src/motor_control/src/motor_control_node.cpp:65:59:[m[K [01;31m[Kerror: [m[Kâ€˜[01m[KInt8[m[Kâ€™ in namespace â€˜[01m[Kstd_msgs::msg[m[Kâ€™ does not name a type
   65 | void MotorControlNode::stateCallback(const std_msgs::msg::[01;31m[KInt8[m[K::SharedPtr msg)
      |                                                           [01;31m[K^~~~[m[K
[01m[K/home/rohan/spherebot/src/motor_control/src/motor_control_node.cpp:65:75:[m[K [01;31m[Kerror: [m[Kexpected unqualified-id before â€˜[01m[Kmsg[m[Kâ€™
   65 | void MotorControlNode::stateCallback(const std_msgs::msg::Int8::SharedPtr [01;31m[Kmsg[m[K)
      |                                                                           [01;31m[K^~~[m[K
[01m[K/home/rohan/spherebot/src/motor_control/src/motor_control_node.cpp:65:74:[m[K [01;31m[Kerror: [m[Kexpected â€˜[01m[K)[m[Kâ€™ before â€˜[01m[Kmsg[m[Kâ€™
   65 | void MotorControlNode::stateCallback[34m[K([m[Kconst std_msgs::msg::Int8::SharedPtr[01;31m[K [m[K[32m[Kmsg[m[K)
      |                                     [34m[K~[m[K                                    [01;31m[K^[m[K[32m[K~~~[m[K
      |                                                                          [32m[K)[m[K
[01m[K/home/rohan/spherebot/src/motor_control/src/motor_control_node.cpp:65:75:[m[K [01;31m[Kerror: [m[Kexpected initializer before â€˜[01m[Kmsg[m[Kâ€™
   65 | void MotorControlNode::stateCallback(const std_msgs::msg::Int8::SharedPtr [01;31m[Kmsg[m[K)
      |                                                                           [01;31m[K^~~[m[K
[01m[K/home/rohan/spherebot/src/motor_control/src/motor_control_node.cpp:[m[K In member function â€˜[01m[Kvoid MotorControlNode::[01;32m[KjointTrajectoryCallback[m[K(trajectory_msgs::msg::JointTrajectory_<std::allocator<void> >::SharedPtr)[m[Kâ€™:
[01m[K/home/rohan/spherebot/src/motor_control/src/motor_control_node.cpp:92:9:[m[K [01;31m[Kerror: [m[Kâ€˜[01m[KK_u_d_[m[Kâ€™ was not declared in this scope
   92 |         [01;31m[KK_u_d_[m[K = msg->points[0].effort[0];
      |         [01;31m[K^~~~~~[m[K
[01m[K/home/rohan/spherebot/src/motor_control/src/motor_control_node.cpp:101:9:[m[K [01;31m[Kerror: [m[Kâ€˜[01m[Kphidot_ref_[m[Kâ€™ was not declared in this scope; did you mean â€˜[01m[Kphi_ref_[m[Kâ€™?
  101 |         [01;31m[Kphidot_ref_[m[K = msg->points[1].velocities[0];
      |         [01;31m[K^~~~~~~~~~~[m[K
      |         [32m[Kphi_ref_[m[K
[01m[K/home/rohan/spherebot/src/motor_control/src/motor_control_node.cpp:[m[K In member function â€˜[01m[Kvoid MotorControlNode::[01;32m[KcontrolLoop[m[K()[m[Kâ€™:
[01m[K/home/rohan/spherebot/src/motor_control/src/motor_control_node.cpp:153:9:[m[K [01;31m[Kerror: [m[Kcontinue statement not within a loop
  153 |         [01;31m[Kcontinue[m[K;
      |         [01;31m[K^~~~~~~~[m[K
In file included from [01m[K/opt/ros/jazzy/include/rclcpp/rclcpp/logging.hpp:24[m[K,
                 from [01m[K/opt/ros/jazzy/include/rclcpp/rclcpp/copy_all_parameter_values.hpp:27[m[K,
                 from [01m[K/opt/ros/jazzy/include/rclcpp/rclcpp/rclcpp.hpp:171[m[K:
[01m[K/home/rohan/spherebot/src/motor_control/src/motor_control_node.cpp:163:72:[m[K [01;31m[Kerror: [m[Kâ€˜[01m[Kmsg[m[Kâ€™ was not declared in this scope
  163 |         RCLCPP_ERROR(this->get_logger(), "Received unknown state: %d", [01;31m[Kmsg[m[K->data);
      |                                                                        [01;31m[K^~~[m[K
[01m[K/home/rohan/spherebot/src/motor_control/src/motor_control_node.cpp:163:72:[m[K [01;36m[Knote: [m[Ksuggested alternatives:
In file included from [01m[K/opt/ros/jazzy/include/rcl_interfaces/rcl_interfaces/srv/detail/list_parameters__struct.hpp:156[m[K,
                 from [01m[K/opt/ros/jazzy/include/rcl_interfaces/rcl_interfaces/srv/list_parameters.hpp:7[m[K,
                 from [01m[K/opt/ros/jazzy/include/rclcpp/rclcpp/copy_all_parameter_values.hpp:21[m[K:
[01m[K/opt/ros/jazzy/include/rcl_interfaces/rcl_interfaces/msg/detail/list_parameters_result__struct.hpp:30:11:[m[K [01;36m[Knote: [m[K  â€˜[01m[Krcl_interfaces::msg[m[Kâ€™
   30 | namespace [01;36m[Kmsg[m[K
      |           [01;36m[K^~~[m[K
In file included from [01m[K/opt/ros/jazzy/include/service_msgs/service_msgs/msg/detail/service_event_info__struct.hpp:23[m[K,
                 from [01m[K/opt/ros/jazzy/include/rcl_interfaces/rcl_interfaces/srv/detail/list_parameters__struct.hpp:267[m[K:
[01m[K/opt/ros/jazzy/include/builtin_interfaces/builtin_interfaces/msg/detail/time__struct.hpp:30:11:[m[K [01;36m[Knote: [m[K  â€˜[01m[Kbuiltin_interfaces::msg[m[Kâ€™
   30 | namespace [01;36m[Kmsg[m[K
      |           [01;36m[K^~~[m[K
[01m[K/opt/ros/jazzy/include/service_msgs/service_msgs/msg/detail/service_event_info__struct.hpp:34:11:[m[K [01;36m[Knote: [m[K  â€˜[01m[Kservice_msgs::msg[m[Kâ€™
   34 | namespace [01;36m[Kmsg[m[K
      |           [01;36m[K^~~[m[K
In file included from [01m[K/opt/ros/jazzy/include/statistics_msgs/statistics_msgs/msg/detail/metrics_message__struct.hpp:26[m[K,
                 from [01m[K/opt/ros/jazzy/include/statistics_msgs/statistics_msgs/msg/metrics_message.hpp:7[m[K,
                 from [01m[K/opt/ros/jazzy/include/libstatistics_collector/libstatistics_collector/collector/generate_statistics_message.hpp:21[m[K,
                 from [01m[K/opt/ros/jazzy/include/rclcpp/rclcpp/topic_statistics/subscription_topic_statistics.hpp:23[m[K,
                 from [01m[K/opt/ros/jazzy/include/rclcpp/rclcpp/subscription.hpp:50[m[K,
                 from [01m[K/opt/ros/jazzy/include/rclcpp/rclcpp/any_executable.hpp:25[m[K,
                 from [01m[K/opt/ros/jazzy/include/rclcpp/rclcpp/memory_strategy.hpp:25[m[K,
                 from [01m[K/opt/ros/jazzy/include/rclcpp/rclcpp/memory_strategies.hpp:18[m[K,
                 from [01m[K/opt/ros/jazzy/include/rclcpp/rclcpp/executor_options.hpp:22[m[K,
                 from [01m[K/opt/ros/jazzy/include/rclcpp/rclcpp/executor.hpp:38[m[K,
                 from [01m[K/opt/ros/jazzy/include/rclcpp/rclcpp/executors/multi_threaded_executor.hpp:25[m[K,
                 from [01m[K/opt/ros/jazzy/include/rclcpp/rclcpp/executors.hpp:21[m[K:
[01m[K/opt/ros/jazzy/include/statistics_msgs/statistics_msgs/msg/detail/statistic_data_point__struct.hpp:30:11:[m[K [01;36m[Knote: [m[K  â€˜[01m[Kstatistics_msgs::msg[m[Kâ€™
   30 | namespace [01;36m[Kmsg[m[K
      |           [01;36m[K^~~[m[K
In file included from [01m[K/opt/ros/jazzy/include/trajectory_msgs/trajectory_msgs/msg/detail/joint_trajectory__struct.hpp:23[m[K,
                 from [01m[K/opt/ros/jazzy/include/trajectory_msgs/trajectory_msgs/msg/joint_trajectory.hpp:7[m[K,
                 from [01m[K/home/rohan/spherebot/src/motor_control/src/../include/motor_control/motor_control_node.hpp:5[m[K:
[01m[K/opt/ros/jazzy/include/std_msgs/std_msgs/msg/detail/header__struct.hpp:34:11:[m[K [01;36m[Knote: [m[K  â€˜[01m[Kstd_msgs::msg[m[Kâ€™
   34 | namespace [01;36m[Kmsg[m[K
      |           [01;36m[K^~~[m[K
In file included from [01m[K/opt/ros/jazzy/include/trajectory_msgs/trajectory_msgs/msg/detail/joint_trajectory__struct.hpp:25[m[K:
[01m[K/opt/ros/jazzy/include/trajectory_msgs/trajectory_msgs/msg/detail/joint_trajectory_point__struct.hpp:34:11:[m[K [01;36m[Knote: [m[K  â€˜[01m[Ktrajectory_msgs::msg[m[Kâ€™
   34 | namespace [01;36m[Kmsg[m[K
      |           [01;36m[K^~~[m[K
In file included from [01m[K/opt/ros/jazzy/include/geometry_msgs/geometry_msgs/msg/detail/transform__struct.hpp:23[m[K,
                 from [01m[K/opt/ros/jazzy/include/trajectory_msgs/trajectory_msgs/msg/detail/multi_dof_joint_trajectory_point__struct.hpp:23[m[K,
                 from [01m[K/opt/ros/jazzy/include/control_msgs/control_msgs/msg/detail/joint_trajectory_controller_state__struct.hpp:33[m[K,
                 from [01m[K/opt/ros/jazzy/include/control_msgs/control_msgs/msg/joint_trajectory_controller_state.hpp:7[m[K,
                 from [01m[K/home/rohan/spherebot/src/motor_control/src/../include/motor_control/motor_control_node.hpp:6[m[K:
[01m[K/opt/ros/jazzy/include/geometry_msgs/geometry_msgs/msg/detail/vector3__struct.hpp:30:11:[m[K [01;36m[Knote: [m[K  â€˜[01m[Kgeometry_msgs::msg[m[Kâ€™
   30 | namespace [01;36m[Kmsg[m[K
      |           [01;36m[K^~~[m[K
[01m[K/opt/ros/jazzy/include/control_msgs/control_msgs/msg/detail/joint_trajectory_controller_state__struct.hpp:44:11:[m[K [01;36m[Knote: [m[K  â€˜[01m[Kcontrol_msgs::msg[m[Kâ€™
   44 | namespace [01;36m[Kmsg[m[K
      |           [01;36m[K^~~[m[K
In file included from [01m[K/opt/ros/jazzy/include/sensor_msgs/sensor_msgs/msg/imu.hpp:7[m[K,
                 from [01m[K/home/rohan/spherebot/src/motor_control/src/../include/motor_control/motor_control_node.hpp:11[m[K:
[01m[K/opt/ros/jazzy/include/sensor_msgs/sensor_msgs/msg/detail/imu__struct.hpp:39:11:[m[K [01;36m[Knote: [m[K  â€˜[01m[Ksensor_msgs::msg[m[Kâ€™
   39 | namespace [01;36m[Kmsg[m[K
      |           [01;36m[K^~~[m[K
[01m[K/home/rohan/spherebot/src/motor_control/src/motor_control_node.cpp:127:99:[m[K [01;36m[Knote: [m[Kparameter passing for argument of type â€˜[01m[Kstd::pair<float, float>[m[Kâ€™ when C++17 is enabled changed to match C++14 ]8;;https://gcc.gnu.org/gcc-10/changes.html#empty_basein GCC 10.1]8;;
  127 |     std::pair<float, float> jointVariableVelocity = computeJointVariables(alphadot_ref_, udot_ref_[01;36m[K)[m[K;
      |                                                                                                   [01;36m[K^[m[K
gmake[2]: *** [CMakeFiles/motor_control_node.dir/build.make:76: CMakeFiles/motor_control_node.dir/src/motor_control_node.cpp.o] Error 1
gmake[1]: *** [CMakeFiles/Makefile2:137: CMakeFiles/motor_control_node.dir/all] Error 2
gmake: *** [Makefile:146: all] Error 2
