[ 33%] [32mBuilding CXX object CMakeFiles/motor_control_node.dir/src/motor_control_node.cpp.o[0m
[01m[K/home/rohan/spherebot/src/motor_control/src/motor_control_node.cpp:[m[K In member function â€˜[01m[Kvoid MotorControlNode::[01;32m[KjointTrajectoryCallback[m[K(trajectory_msgs::msg::JointTrajectory_<std::allocator<void> >::SharedPtr)[m[Kâ€™:
[01m[K/home/rohan/spherebot/src/motor_control/src/motor_control_node.cpp:56:15:[m[K [01;31m[Kerror: [m[Kâ€˜[01m[Kusing control_msgs::msg::JointTrajectoryControllerState = struct control_msgs::msg::JointTrajectoryControllerState_<std::allocator<void> >[m[Kâ€™ {aka â€˜[01m[Kstruct control_msgs::msg::JointTrajectoryControllerState_<std::allocator<void> >[m[Kâ€™} has no member named â€˜[01m[Kactual[m[Kâ€™
   56 |     state_msg.[01;31m[Kactual[m[K->positions = {u_meas_, alpha_meas_};
      |               [01;31m[K^~~~~~[m[K
[01m[K/home/rohan/spherebot/src/motor_control/src/motor_control_node.cpp:57:15:[m[K [01;31m[Kerror: [m[Kâ€˜[01m[Kusing control_msgs::msg::JointTrajectoryControllerState = struct control_msgs::msg::JointTrajectoryControllerState_<std::allocator<void> >[m[Kâ€™ {aka â€˜[01m[Kstruct control_msgs::msg::JointTrajectoryControllerState_<std::allocator<void> >[m[Kâ€™} has no member named â€˜[01m[Kactual[m[Kâ€™
   57 |     state_msg.[01;31m[Kactual[m[K->velocities = {udot_meas_, alphadot_meas_};
      |               [01;31m[K^~~~~~[m[K
[01m[K/home/rohan/spherebot/src/motor_control/src/motor_control_node.cpp:[m[K In member function â€˜[01m[Kvoid MotorControlNode::[01;32m[KcontrolLoop[m[K()[m[Kâ€™:
[01m[K/home/rohan/spherebot/src/motor_control/src/motor_control_node.cpp:66:99:[m[K [01;36m[Knote: [m[Kparameter passing for argument of type â€˜[01m[Kstd::pair<float, float>[m[Kâ€™ when C++17 is enabled changed to match C++14 ]8;;https://gcc.gnu.org/gcc-10/changes.html#empty_basein GCC 10.1]8;;
   66 |     std::pair<float, float> jointVariableVelocity = computeJointVariables(alphadot_ref_, udot_ref_[01;36m[K)[m[K;
      |                                                                                                   [01;36m[K^[m[K
gmake[2]: *** [CMakeFiles/motor_control_node.dir/build.make:76: CMakeFiles/motor_control_node.dir/src/motor_control_node.cpp.o] Error 1
gmake[1]: *** [CMakeFiles/Makefile2:137: CMakeFiles/motor_control_node.dir/all] Error 2
gmake: *** [Makefile:146: all] Error 2
